<?xml version="1.0" encoding="UTF-8"?>
<robot generator="Robot 6.0.2 (Python 3.10.10 on win32)" generated="20230303 03:37:00.472" rpa="false" schemaversion="3">
<suite id="s1" name="Registerpage" source="C:\Users\Admin\Documents\Automate\Registerpage.robot">
<kw name="Set Selenium Speed" library="SeleniumLibrary" type="SETUP">
<arg>0.5s</arg>
<doc>Sets the delay that is waited after each Selenium command.</doc>
<status status="PASS" starttime="20230303 03:37:00.781" endtime="20230303 03:37:00.782"/>
</kw>
<test id="s1-t1" name="TC001-input data" line="14">
<kw name="Open Webbrowser" library="Keyword" type="SETUP">
<kw name="Open Browser" library="SeleniumLibrary">
<arg>${url}</arg>
<arg>${Browser}</arg>
<doc>Opens a new browser instance to the optional ``url``.</doc>
<msg timestamp="20230303 03:37:00.787" level="INFO">Opening browser 'gc' to base url 'https://automate-test.stpb-digital.com/register/'.</msg>
<status status="PASS" starttime="20230303 03:37:00.785" endtime="20230303 03:37:05.009"/>
</kw>
<kw name="Wait Until Page Contains" library="SeleniumLibrary">
<arg>Kru P' Beam</arg>
<arg>2s</arg>
<doc>Waits until ``text`` appears on the current page.</doc>
<status status="PASS" starttime="20230303 03:37:05.010" endtime="20230303 03:37:05.561"/>
</kw>
<kw name="Maximize Browser Window" library="SeleniumLibrary">
<doc>Maximizes current browser window.</doc>
<status status="PASS" starttime="20230303 03:37:05.561" endtime="20230303 03:37:06.200"/>
</kw>
<status status="PASS" starttime="20230303 03:37:00.784" endtime="20230303 03:37:06.200"/>
</kw>
<kw name="input data for register (positive)" library="Keyword">
<kw name="Input Text" library="SeleniumLibrary">
<arg>${locator_firstname}</arg>
<arg>กนกนวล</arg>
<doc>Types the given ``text`` into the text field identified by ``locator``.</doc>
<msg timestamp="20230303 03:37:06.204" level="INFO">Typing text 'กนกนวล' into text field 'id=firstname'.</msg>
<status status="PASS" starttime="20230303 03:37:06.202" endtime="20230303 03:37:07.972"/>
</kw>
<kw name="Input Text" library="SeleniumLibrary">
<arg>${locator_lastname}</arg>
<arg>อินขาน</arg>
<doc>Types the given ``text`` into the text field identified by ``locator``.</doc>
<msg timestamp="20230303 03:37:07.974" level="INFO">Typing text 'อินขาน' into text field 'id=lastname'.</msg>
<status status="PASS" starttime="20230303 03:37:07.972" endtime="20230303 03:37:09.694"/>
</kw>
<kw name="Input Text" library="SeleniumLibrary">
<arg>${locator_email}</arg>
<arg>Beam1234@gmail.com</arg>
<doc>Types the given ``text`` into the text field identified by ``locator``.</doc>
<msg timestamp="20230303 03:37:09.695" level="INFO">Typing text 'Beam1234@gmail.com' into text field 'id=email'.</msg>
<status status="PASS" starttime="20230303 03:37:09.694" endtime="20230303 03:37:11.494"/>
</kw>
<kw name="Input Text" library="SeleniumLibrary">
<arg>${locator_password}</arg>
<arg>1234567890</arg>
<doc>Types the given ``text`` into the text field identified by ``locator``.</doc>
<msg timestamp="20230303 03:37:11.495" level="INFO">Typing text '1234567890' into text field 'id=password'.</msg>
<status status="PASS" starttime="20230303 03:37:11.494" endtime="20230303 03:37:13.190"/>
</kw>
<kw name="Input Text" library="SeleniumLibrary">
<arg>${locator_m.phone}</arg>
<arg>08222222222</arg>
<doc>Types the given ``text`` into the text field identified by ``locator``.</doc>
<msg timestamp="20230303 03:37:13.191" level="INFO">Typing text '08222222222' into text field 'id=mobile-phone'.</msg>
<status status="PASS" starttime="20230303 03:37:13.190" endtime="20230303 03:37:14.904"/>
</kw>
<kw name="Select Radio Button" library="SeleniumLibrary">
<arg>${locator_gendor}</arg>
<arg>female</arg>
<doc>Sets the radio button group ``group_name`` to ``value``.</doc>
<msg timestamp="20230303 03:37:14.905" level="INFO">Selecting 'female' from radio button 'validation-basic-radio'.</msg>
<status status="PASS" starttime="20230303 03:37:14.904" endtime="20230303 03:37:16.552"/>
</kw>
<kw name="Select Radio Button" library="SeleniumLibrary">
<arg>${locator_gendor}</arg>
<arg>male</arg>
<doc>Sets the radio button group ``group_name`` to ``value``.</doc>
<msg timestamp="20230303 03:37:16.552" level="INFO">Selecting 'male' from radio button 'validation-basic-radio'.</msg>
<status status="PASS" starttime="20230303 03:37:16.552" endtime="20230303 03:37:18.166"/>
</kw>
<kw name="Select Checkbox" library="SeleniumLibrary">
<arg>${locator_chkSQL}</arg>
<doc>Selects the checkbox identified by ``locator``.</doc>
<msg timestamp="20230303 03:37:18.167" level="INFO">Selecting checkbox 'name=courses.SQL'.</msg>
<status status="PASS" starttime="20230303 03:37:18.166" endtime="20230303 03:37:20.927"/>
</kw>
<kw name="Select Checkbox" library="SeleniumLibrary">
<arg>${locator_chk_testManual}</arg>
<doc>Selects the checkbox identified by ``locator``.</doc>
<msg timestamp="20230303 03:37:20.928" level="INFO">Selecting checkbox 'name=courses.Test Manual'.</msg>
<status status="PASS" starttime="20230303 03:37:20.928" endtime="20230303 03:37:23.650"/>
</kw>
<kw name="Select Checkbox" library="SeleniumLibrary">
<arg>${locator_chk_testAutomate}</arg>
<doc>Selects the checkbox identified by ``locator``.</doc>
<msg timestamp="20230303 03:37:23.651" level="INFO">Selecting checkbox 'name=courses.Automate Test'.</msg>
<status status="PASS" starttime="20230303 03:37:23.650" endtime="20230303 03:37:26.317"/>
</kw>
<kw name="Select Checkbox" library="SeleniumLibrary">
<arg>${locator_chk_testAutomate2}</arg>
<doc>Selects the checkbox identified by ``locator``.</doc>
<msg timestamp="20230303 03:37:26.318" level="INFO">Selecting checkbox 'name=courses.Automate Test2'.</msg>
<status status="PASS" starttime="20230303 03:37:26.317" endtime="20230303 03:37:28.993"/>
</kw>
<kw name="Select list Nationality" library="Keyword">
<kw name="Click Element" library="SeleniumLibrary">
<arg>${locator_drop_down_nationality}</arg>
<doc>Click the element identified by ``locator``.</doc>
<msg timestamp="20230303 03:37:28.994" level="INFO">Clicking element 'id=nationality'.</msg>
<status status="PASS" starttime="20230303 03:37:28.993" endtime="20230303 03:37:30.433"/>
</kw>
<kw name="Wait Until Element Is Visible" library="SeleniumLibrary">
<arg>${locator_drop_down_thai}</arg>
<arg>2s</arg>
<doc>Waits until the element ``locator`` is visible.</doc>
<status status="PASS" starttime="20230303 03:37:30.433" endtime="20230303 03:37:31.491"/>
</kw>
<kw name="Click Element" library="SeleniumLibrary">
<arg>${locator_drop_down_thai}</arg>
<doc>Click the element identified by ``locator``.</doc>
<msg timestamp="20230303 03:37:31.492" level="INFO">Clicking element 'xpath=//*[@id="menu-"]/div[3]/ul/li[221]'.</msg>
<status status="PASS" starttime="20230303 03:37:31.491" endtime="20230303 03:37:32.774"/>
</kw>
<status status="PASS" starttime="20230303 03:37:28.993" endtime="20230303 03:37:32.774"/>
</kw>
<kw name="Select List Role" library="Keyword">
<kw name="Click Element" library="SeleniumLibrary">
<arg>${locator_drop_down_Role}</arg>
<doc>Click the element identified by ``locator``.</doc>
<msg timestamp="20230303 03:37:32.776" level="INFO">Clicking element 'id=select-role'.</msg>
<status status="PASS" starttime="20230303 03:37:32.775" endtime="20230303 03:37:33.878"/>
</kw>
<kw name="Wait Until Element Is Visible" library="SeleniumLibrary">
<arg>${locator_drop_down_Admin}</arg>
<arg>2s</arg>
<doc>Waits until the element ``locator`` is visible.</doc>
<status status="PASS" starttime="20230303 03:37:33.878" endtime="20230303 03:37:34.924"/>
</kw>
<kw name="Click Element" library="SeleniumLibrary">
<arg>${locator_drop_down_Admin}</arg>
<doc>Click the element identified by ``locator``.</doc>
<msg timestamp="20230303 03:37:34.925" level="INFO">Clicking element 'xpath=//*[@id="menu-"]/div[3]/ul/li[1]'.</msg>
<status status="PASS" starttime="20230303 03:37:34.924" endtime="20230303 03:37:36.014"/>
</kw>
<status status="PASS" starttime="20230303 03:37:32.774" endtime="20230303 03:37:36.015"/>
</kw>
<kw name=" Select list Plan" library="Keyword">
<kw name="Click Element" library="SeleniumLibrary">
<arg>${locator_drop_down_plan}</arg>
<doc>Click the element identified by ``locator``.</doc>
<msg timestamp="20230303 03:37:36.017" level="INFO">Clicking element 'id=select-plan'.</msg>
<status status="PASS" starttime="20230303 03:37:36.016" endtime="20230303 03:37:37.118"/>
</kw>
<kw name="Wait Until Element Is Visible" library="SeleniumLibrary">
<arg>${locator_drop_down_Basic}</arg>
<arg>2s</arg>
<doc>Waits until the element ``locator`` is visible.</doc>
<status status="PASS" starttime="20230303 03:37:37.118" endtime="20230303 03:37:38.165"/>
</kw>
<kw name="Click Element" library="SeleniumLibrary">
<arg>${locator_drop_down_Basic}</arg>
<doc>Click the element identified by ``locator``.</doc>
<msg timestamp="20230303 03:37:38.167" level="INFO">Clicking element 'xpath=//*[@id="menu-"]/div[3]/ul/li[1]'.</msg>
<status status="PASS" starttime="20230303 03:37:38.165" endtime="20230303 03:37:39.252"/>
</kw>
<status status="PASS" starttime="20230303 03:37:36.015" endtime="20230303 03:37:39.252"/>
</kw>
<status status="PASS" starttime="20230303 03:37:06.201" endtime="20230303 03:37:39.252"/>
</kw>
<kw name="click sign-up" library="Keyword">
<kw name="Click Element" library="SeleniumLibrary">
<arg>${locator_btn-sign-up}</arg>
<doc>Click the element identified by ``locator``.</doc>
<msg timestamp="20230303 03:37:39.255" level="INFO">Clicking element 'id=btn-sign-up'.</msg>
<status status="PASS" starttime="20230303 03:37:39.254" endtime="20230303 03:37:40.454"/>
</kw>
<status status="PASS" starttime="20230303 03:37:39.253" endtime="20230303 03:37:40.454"/>
</kw>
<kw name="Close Browser" library="SeleniumLibrary" type="TEARDOWN">
<doc>Closes the current browser.</doc>
<status status="PASS" starttime="20230303 03:37:40.455" endtime="20230303 03:37:43.445"/>
</kw>
<doc>ใช้สำหรับทดสอบในกรณีกรอกข้อมูลครบถ้วนสมบูรณ์</doc>
<tag>test pass</tag>
<status status="PASS" starttime="20230303 03:37:00.782" endtime="20230303 03:37:43.446"/>
</test>
<test id="s1-t2" name="TC002-Reset Data" line="22">
<kw name="Open Webbrowser" library="Keyword" type="SETUP">
<kw name="Open Browser" library="SeleniumLibrary">
<arg>${url}</arg>
<arg>${Browser}</arg>
<doc>Opens a new browser instance to the optional ``url``.</doc>
<msg timestamp="20230303 03:37:43.453" level="INFO">Opening browser 'gc' to base url 'https://automate-test.stpb-digital.com/register/'.</msg>
<status status="PASS" starttime="20230303 03:37:43.451" endtime="20230303 03:37:46.492"/>
</kw>
<kw name="Wait Until Page Contains" library="SeleniumLibrary">
<arg>Kru P' Beam</arg>
<arg>2s</arg>
<doc>Waits until ``text`` appears on the current page.</doc>
<status status="PASS" starttime="20230303 03:37:46.492" endtime="20230303 03:37:47.102"/>
</kw>
<kw name="Maximize Browser Window" library="SeleniumLibrary">
<doc>Maximizes current browser window.</doc>
<status status="PASS" starttime="20230303 03:37:47.102" endtime="20230303 03:37:47.823"/>
</kw>
<status status="PASS" starttime="20230303 03:37:43.451" endtime="20230303 03:37:47.823"/>
</kw>
<kw name="input data for register (positive)" library="Keyword">
<kw name="Input Text" library="SeleniumLibrary">
<arg>${locator_firstname}</arg>
<arg>กนกนวล</arg>
<doc>Types the given ``text`` into the text field identified by ``locator``.</doc>
<msg timestamp="20230303 03:37:47.826" level="INFO">Typing text 'กนกนวล' into text field 'id=firstname'.</msg>
<status status="PASS" starttime="20230303 03:37:47.825" endtime="20230303 03:37:49.537"/>
</kw>
<kw name="Input Text" library="SeleniumLibrary">
<arg>${locator_lastname}</arg>
<arg>อินขาน</arg>
<doc>Types the given ``text`` into the text field identified by ``locator``.</doc>
<msg timestamp="20230303 03:37:49.538" level="INFO">Typing text 'อินขาน' into text field 'id=lastname'.</msg>
<status status="PASS" starttime="20230303 03:37:49.537" endtime="20230303 03:37:51.328"/>
</kw>
<kw name="Input Text" library="SeleniumLibrary">
<arg>${locator_email}</arg>
<arg>Beam1234@gmail.com</arg>
<doc>Types the given ``text`` into the text field identified by ``locator``.</doc>
<msg timestamp="20230303 03:37:51.329" level="INFO">Typing text 'Beam1234@gmail.com' into text field 'id=email'.</msg>
<status status="PASS" starttime="20230303 03:37:51.328" endtime="20230303 03:37:53.109"/>
</kw>
<kw name="Input Text" library="SeleniumLibrary">
<arg>${locator_password}</arg>
<arg>1234567890</arg>
<doc>Types the given ``text`` into the text field identified by ``locator``.</doc>
<msg timestamp="20230303 03:37:53.111" level="INFO">Typing text '1234567890' into text field 'id=password'.</msg>
<status status="PASS" starttime="20230303 03:37:53.109" endtime="20230303 03:37:54.811"/>
</kw>
<kw name="Input Text" library="SeleniumLibrary">
<arg>${locator_m.phone}</arg>
<arg>08222222222</arg>
<doc>Types the given ``text`` into the text field identified by ``locator``.</doc>
<msg timestamp="20230303 03:37:54.812" level="INFO">Typing text '08222222222' into text field 'id=mobile-phone'.</msg>
<status status="PASS" starttime="20230303 03:37:54.811" endtime="20230303 03:37:56.486"/>
</kw>
<kw name="Select Radio Button" library="SeleniumLibrary">
<arg>${locator_gendor}</arg>
<arg>female</arg>
<doc>Sets the radio button group ``group_name`` to ``value``.</doc>
<msg timestamp="20230303 03:37:56.487" level="INFO">Selecting 'female' from radio button 'validation-basic-radio'.</msg>
<status status="PASS" starttime="20230303 03:37:56.486" endtime="20230303 03:37:58.130"/>
</kw>
<kw name="Select Radio Button" library="SeleniumLibrary">
<arg>${locator_gendor}</arg>
<arg>male</arg>
<doc>Sets the radio button group ``group_name`` to ``value``.</doc>
<msg timestamp="20230303 03:37:58.130" level="INFO">Selecting 'male' from radio button 'validation-basic-radio'.</msg>
<status status="PASS" starttime="20230303 03:37:58.130" endtime="20230303 03:37:59.743"/>
</kw>
<kw name="Select Checkbox" library="SeleniumLibrary">
<arg>${locator_chkSQL}</arg>
<doc>Selects the checkbox identified by ``locator``.</doc>
<msg timestamp="20230303 03:37:59.744" level="INFO">Selecting checkbox 'name=courses.SQL'.</msg>
<status status="PASS" starttime="20230303 03:37:59.744" endtime="20230303 03:38:02.427"/>
</kw>
<kw name="Select Checkbox" library="SeleniumLibrary">
<arg>${locator_chk_testManual}</arg>
<doc>Selects the checkbox identified by ``locator``.</doc>
<msg timestamp="20230303 03:38:02.428" level="INFO">Selecting checkbox 'name=courses.Test Manual'.</msg>
<status status="PASS" starttime="20230303 03:38:02.427" endtime="20230303 03:38:05.088"/>
</kw>
<kw name="Select Checkbox" library="SeleniumLibrary">
<arg>${locator_chk_testAutomate}</arg>
<doc>Selects the checkbox identified by ``locator``.</doc>
<msg timestamp="20230303 03:38:05.089" level="INFO">Selecting checkbox 'name=courses.Automate Test'.</msg>
<status status="PASS" starttime="20230303 03:38:05.088" endtime="20230303 03:38:07.751"/>
</kw>
<kw name="Select Checkbox" library="SeleniumLibrary">
<arg>${locator_chk_testAutomate2}</arg>
<doc>Selects the checkbox identified by ``locator``.</doc>
<msg timestamp="20230303 03:38:07.752" level="INFO">Selecting checkbox 'name=courses.Automate Test2'.</msg>
<status status="PASS" starttime="20230303 03:38:07.751" endtime="20230303 03:38:10.410"/>
</kw>
<kw name="Select list Nationality" library="Keyword">
<kw name="Click Element" library="SeleniumLibrary">
<arg>${locator_drop_down_nationality}</arg>
<doc>Click the element identified by ``locator``.</doc>
<msg timestamp="20230303 03:38:10.411" level="INFO">Clicking element 'id=nationality'.</msg>
<status status="PASS" starttime="20230303 03:38:10.410" endtime="20230303 03:38:11.832"/>
</kw>
<kw name="Wait Until Element Is Visible" library="SeleniumLibrary">
<arg>${locator_drop_down_thai}</arg>
<arg>2s</arg>
<doc>Waits until the element ``locator`` is visible.</doc>
<status status="PASS" starttime="20230303 03:38:11.832" endtime="20230303 03:38:12.889"/>
</kw>
<kw name="Click Element" library="SeleniumLibrary">
<arg>${locator_drop_down_thai}</arg>
<doc>Click the element identified by ``locator``.</doc>
<msg timestamp="20230303 03:38:12.891" level="INFO">Clicking element 'xpath=//*[@id="menu-"]/div[3]/ul/li[221]'.</msg>
<status status="PASS" starttime="20230303 03:38:12.889" endtime="20230303 03:38:14.166"/>
</kw>
<status status="PASS" starttime="20230303 03:38:10.410" endtime="20230303 03:38:14.166"/>
</kw>
<kw name="Select List Role" library="Keyword">
<kw name="Click Element" library="SeleniumLibrary">
<arg>${locator_drop_down_Role}</arg>
<doc>Click the element identified by ``locator``.</doc>
<msg timestamp="20230303 03:38:14.168" level="INFO">Clicking element 'id=select-role'.</msg>
<status status="PASS" starttime="20230303 03:38:14.167" endtime="20230303 03:38:15.255"/>
</kw>
<kw name="Wait Until Element Is Visible" library="SeleniumLibrary">
<arg>${locator_drop_down_Admin}</arg>
<arg>2s</arg>
<doc>Waits until the element ``locator`` is visible.</doc>
<status status="PASS" starttime="20230303 03:38:15.255" endtime="20230303 03:38:16.309"/>
</kw>
<kw name="Click Element" library="SeleniumLibrary">
<arg>${locator_drop_down_Admin}</arg>
<doc>Click the element identified by ``locator``.</doc>
<msg timestamp="20230303 03:38:16.313" level="INFO">Clicking element 'xpath=//*[@id="menu-"]/div[3]/ul/li[1]'.</msg>
<status status="PASS" starttime="20230303 03:38:16.310" endtime="20230303 03:38:17.402"/>
</kw>
<status status="PASS" starttime="20230303 03:38:14.166" endtime="20230303 03:38:17.402"/>
</kw>
<kw name=" Select list Plan" library="Keyword">
<kw name="Click Element" library="SeleniumLibrary">
<arg>${locator_drop_down_plan}</arg>
<doc>Click the element identified by ``locator``.</doc>
<msg timestamp="20230303 03:38:17.405" level="INFO">Clicking element 'id=select-plan'.</msg>
<status status="PASS" starttime="20230303 03:38:17.403" endtime="20230303 03:38:18.492"/>
</kw>
<kw name="Wait Until Element Is Visible" library="SeleniumLibrary">
<arg>${locator_drop_down_Basic}</arg>
<arg>2s</arg>
<doc>Waits until the element ``locator`` is visible.</doc>
<status status="PASS" starttime="20230303 03:38:18.492" endtime="20230303 03:38:19.523"/>
</kw>
<kw name="Click Element" library="SeleniumLibrary">
<arg>${locator_drop_down_Basic}</arg>
<doc>Click the element identified by ``locator``.</doc>
<msg timestamp="20230303 03:38:19.524" level="INFO">Clicking element 'xpath=//*[@id="menu-"]/div[3]/ul/li[1]'.</msg>
<status status="PASS" starttime="20230303 03:38:19.523" endtime="20230303 03:38:20.612"/>
</kw>
<status status="PASS" starttime="20230303 03:38:17.402" endtime="20230303 03:38:20.612"/>
</kw>
<status status="PASS" starttime="20230303 03:37:47.824" endtime="20230303 03:38:20.612"/>
</kw>
<kw name="Click Element" library="SeleniumLibrary">
<arg>${locator_reset}</arg>
<doc>Click the element identified by ``locator``.</doc>
<msg timestamp="20230303 03:38:20.615" level="INFO">Clicking element 'id=reset'.</msg>
<status status="PASS" starttime="20230303 03:38:20.613" endtime="20230303 03:38:21.750"/>
</kw>
<kw name="Close Browser" library="SeleniumLibrary" type="TEARDOWN">
<doc>Closes the current browser.</doc>
<status status="PASS" starttime="20230303 03:38:21.751" endtime="20230303 03:38:24.684"/>
</kw>
<doc>ใช้สำหรับทดสอบในกรณีเคลียข้อมูล</doc>
<tag>test reset</tag>
<status status="PASS" starttime="20230303 03:37:43.449" endtime="20230303 03:38:24.685"/>
</test>
<test id="s1-t3" name="TC003-Require field" line="30">
<kw name="Open Webbrowser" library="Keyword" type="SETUP">
<kw name="Open Browser" library="SeleniumLibrary">
<arg>${url}</arg>
<arg>${Browser}</arg>
<doc>Opens a new browser instance to the optional ``url``.</doc>
<msg timestamp="20230303 03:38:24.692" level="INFO">Opening browser 'gc' to base url 'https://automate-test.stpb-digital.com/register/'.</msg>
<status status="PASS" starttime="20230303 03:38:24.691" endtime="20230303 03:38:27.708"/>
</kw>
<kw name="Wait Until Page Contains" library="SeleniumLibrary">
<arg>Kru P' Beam</arg>
<arg>2s</arg>
<doc>Waits until ``text`` appears on the current page.</doc>
<status status="PASS" starttime="20230303 03:38:27.708" endtime="20230303 03:38:28.239"/>
</kw>
<kw name="Maximize Browser Window" library="SeleniumLibrary">
<doc>Maximizes current browser window.</doc>
<status status="PASS" starttime="20230303 03:38:28.239" endtime="20230303 03:38:28.914"/>
</kw>
<status status="PASS" starttime="20230303 03:38:24.691" endtime="20230303 03:38:28.914"/>
</kw>
<kw name="input data for register (positive)-Test Template" library="Keyword">
<arg>${EMPTY}</arg>
<arg>อินขาน</arg>
<arg>Beam1234@gmail.com</arg>
<arg>1234567890</arg>
<arg>08222222222</arg>
<arg>female</arg>
<arg>1</arg>
<arg>1</arg>
<arg>1</arg>
<arg>1</arg>
<arg>${locator_msg_require_first_name}</arg>
<arg>This field is required</arg>
<kw name="Input Text" library="SeleniumLibrary">
<arg>${locator_firstname}</arg>
<arg>${firstname}</arg>
<doc>Types the given ``text`` into the text field identified by ``locator``.</doc>
<msg timestamp="20230303 03:38:28.920" level="INFO">Typing text '' into text field 'id=firstname'.</msg>
<status status="PASS" starttime="20230303 03:38:28.918" endtime="20230303 03:38:30.519"/>
</kw>
<kw name="Input Text" library="SeleniumLibrary">
<arg>${locator_lastname}</arg>
<arg>${lastname}</arg>
<doc>Types the given ``text`` into the text field identified by ``locator``.</doc>
<msg timestamp="20230303 03:38:30.520" level="INFO">Typing text 'อินขาน' into text field 'id=lastname'.</msg>
<status status="PASS" starttime="20230303 03:38:30.519" endtime="20230303 03:38:32.317"/>
</kw>
<kw name="Input Text" library="SeleniumLibrary">
<arg>${locator_email}</arg>
<arg>${email}</arg>
<doc>Types the given ``text`` into the text field identified by ``locator``.</doc>
<msg timestamp="20230303 03:38:32.318" level="INFO">Typing text 'Beam1234@gmail.com' into text field 'id=email'.</msg>
<status status="PASS" starttime="20230303 03:38:32.317" endtime="20230303 03:38:34.109"/>
</kw>
<kw name="Input Text" library="SeleniumLibrary">
<arg>${locator_password}</arg>
<arg>${password}</arg>
<doc>Types the given ``text`` into the text field identified by ``locator``.</doc>
<msg timestamp="20230303 03:38:34.111" level="INFO">Typing text '1234567890' into text field 'id=password'.</msg>
<status status="PASS" starttime="20230303 03:38:34.109" endtime="20230303 03:38:35.791"/>
</kw>
<kw name="Input Text" library="SeleniumLibrary">
<arg>${locator_m.phone}</arg>
<arg>${m.phone}</arg>
<doc>Types the given ``text`` into the text field identified by ``locator``.</doc>
<msg timestamp="20230303 03:38:35.793" level="INFO">Typing text '08222222222' into text field 'id=mobile-phone'.</msg>
<status status="PASS" starttime="20230303 03:38:35.791" endtime="20230303 03:38:37.489"/>
</kw>
<if>
<branch type="IF" condition="&quot;${gendor}&quot;!=0">
<kw name="Select Radio Button" library="SeleniumLibrary">
<arg>${locator_gendor}</arg>
<arg>${gendor}</arg>
<doc>Sets the radio button group ``group_name`` to ``value``.</doc>
<msg timestamp="20230303 03:38:37.490" level="INFO">Selecting 'female' from radio button 'validation-basic-radio'.</msg>
<status status="PASS" starttime="20230303 03:38:37.490" endtime="20230303 03:38:39.121"/>
</kw>
<status status="PASS" starttime="20230303 03:38:37.489" endtime="20230303 03:38:39.121"/>
</branch>
<status status="PASS" starttime="20230303 03:38:37.489" endtime="20230303 03:38:39.121"/>
</if>
<if>
<branch type="IF" condition="${checkbox} == 1">
<kw name="Select Checkbox" library="SeleniumLibrary">
<arg>${locator_chkSQL}</arg>
<doc>Selects the checkbox identified by ``locator``.</doc>
<msg timestamp="20230303 03:38:39.123" level="INFO">Selecting checkbox 'name=courses.SQL'.</msg>
<status status="PASS" starttime="20230303 03:38:39.122" endtime="20230303 03:38:41.837"/>
</kw>
<status status="PASS" starttime="20230303 03:38:39.121" endtime="20230303 03:38:41.837"/>
</branch>
<branch type="ELSE IF" condition="${checkbox} == 2">
<kw name="Select Checkbox" library="SeleniumLibrary">
<arg>${locator_chkSQL}</arg>
<doc>Selects the checkbox identified by ``locator``.</doc>
<status status="NOT RUN" starttime="20230303 03:38:41.837" endtime="20230303 03:38:41.837"/>
</kw>
<kw name="Select Checkbox" library="SeleniumLibrary">
<arg>${locator_chk_testManual}</arg>
<doc>Selects the checkbox identified by ``locator``.</doc>
<status status="NOT RUN" starttime="20230303 03:38:41.838" endtime="20230303 03:38:41.839"/>
</kw>
<status status="NOT RUN" starttime="20230303 03:38:41.837" endtime="20230303 03:38:41.839"/>
</branch>
<branch type="ELSE IF" condition="${checkbox} == 3">
<kw name="Select Checkbox" library="SeleniumLibrary">
<arg>${locator_chkSQL}</arg>
<doc>Selects the checkbox identified by ``locator``.</doc>
<status status="NOT RUN" starttime="20230303 03:38:41.839" endtime="20230303 03:38:41.839"/>
</kw>
<kw name="Select Checkbox" library="SeleniumLibrary">
<arg>${locator_chk_testManual}</arg>
<doc>Selects the checkbox identified by ``locator``.</doc>
<status status="NOT RUN" starttime="20230303 03:38:41.839" endtime="20230303 03:38:41.839"/>
</kw>
<kw name="Select Checkbox" library="SeleniumLibrary">
<arg>${locator_chk_testAutomate}</arg>
<doc>Selects the checkbox identified by ``locator``.</doc>
<status status="NOT RUN" starttime="20230303 03:38:41.839" endtime="20230303 03:38:41.839"/>
</kw>
<status status="NOT RUN" starttime="20230303 03:38:41.839" endtime="20230303 03:38:41.840"/>
</branch>
<branch type="ELSE IF" condition="${checkbox} == 4">
<kw name="Select Checkbox" library="SeleniumLibrary">
<arg>${locator_chkSQL}</arg>
<doc>Selects the checkbox identified by ``locator``.</doc>
<status status="NOT RUN" starttime="20230303 03:38:41.840" endtime="20230303 03:38:41.840"/>
</kw>
<kw name="Select Checkbox" library="SeleniumLibrary">
<arg>${locator_chk_testManual}</arg>
<doc>Selects the checkbox identified by ``locator``.</doc>
<status status="NOT RUN" starttime="20230303 03:38:41.840" endtime="20230303 03:38:41.840"/>
</kw>
<kw name="Select Checkbox" library="SeleniumLibrary">
<arg>${locator_chk_testAutomate}</arg>
<doc>Selects the checkbox identified by ``locator``.</doc>
<status status="NOT RUN" starttime="20230303 03:38:41.840" endtime="20230303 03:38:41.840"/>
</kw>
<kw name="Select Checkbox" library="SeleniumLibrary">
<arg>${locator_chk_testAutomate2}</arg>
<doc>Selects the checkbox identified by ``locator``.</doc>
<status status="NOT RUN" starttime="20230303 03:38:41.840" endtime="20230303 03:38:41.840"/>
</kw>
<status status="NOT RUN" starttime="20230303 03:38:41.840" endtime="20230303 03:38:41.840"/>
</branch>
<status status="PASS" starttime="20230303 03:38:39.121" endtime="20230303 03:38:41.840"/>
</if>
<if>
<branch type="IF" condition="${nationality}==1">
<kw name="Select list Nationality" library="Keyword">
<kw name="Click Element" library="SeleniumLibrary">
<arg>${locator_drop_down_nationality}</arg>
<doc>Click the element identified by ``locator``.</doc>
<msg timestamp="20230303 03:38:41.842" level="INFO">Clicking element 'id=nationality'.</msg>
<status status="PASS" starttime="20230303 03:38:41.842" endtime="20230303 03:38:43.585"/>
</kw>
<kw name="Wait Until Element Is Visible" library="SeleniumLibrary">
<arg>${locator_drop_down_thai}</arg>
<arg>2s</arg>
<doc>Waits until the element ``locator`` is visible.</doc>
<status status="PASS" starttime="20230303 03:38:43.585" endtime="20230303 03:38:44.717"/>
</kw>
<kw name="Click Element" library="SeleniumLibrary">
<arg>${locator_drop_down_thai}</arg>
<doc>Click the element identified by ``locator``.</doc>
<msg timestamp="20230303 03:38:44.719" level="INFO">Clicking element 'xpath=//*[@id="menu-"]/div[3]/ul/li[221]'.</msg>
<status status="PASS" starttime="20230303 03:38:44.718" endtime="20230303 03:38:46.097"/>
</kw>
<status status="PASS" starttime="20230303 03:38:41.841" endtime="20230303 03:38:46.097"/>
</kw>
<status status="PASS" starttime="20230303 03:38:41.841" endtime="20230303 03:38:46.097"/>
</branch>
<status status="PASS" starttime="20230303 03:38:41.841" endtime="20230303 03:38:46.097"/>
</if>
<if>
<branch type="IF" condition="${role}==1">
<kw name="Select List Role" library="Keyword">
<kw name="Click Element" library="SeleniumLibrary">
<arg>${locator_drop_down_Role}</arg>
<doc>Click the element identified by ``locator``.</doc>
<msg timestamp="20230303 03:38:46.098" level="INFO">Clicking element 'id=select-role'.</msg>
<status status="PASS" starttime="20230303 03:38:46.098" endtime="20230303 03:38:47.188"/>
</kw>
<kw name="Wait Until Element Is Visible" library="SeleniumLibrary">
<arg>${locator_drop_down_Admin}</arg>
<arg>2s</arg>
<doc>Waits until the element ``locator`` is visible.</doc>
<status status="PASS" starttime="20230303 03:38:47.188" endtime="20230303 03:38:48.234"/>
</kw>
<kw name="Click Element" library="SeleniumLibrary">
<arg>${locator_drop_down_Admin}</arg>
<doc>Click the element identified by ``locator``.</doc>
<msg timestamp="20230303 03:38:48.235" level="INFO">Clicking element 'xpath=//*[@id="menu-"]/div[3]/ul/li[1]'.</msg>
<status status="PASS" starttime="20230303 03:38:48.234" endtime="20230303 03:38:49.328"/>
</kw>
<status status="PASS" starttime="20230303 03:38:46.098" endtime="20230303 03:38:49.328"/>
</kw>
<status status="PASS" starttime="20230303 03:38:46.097" endtime="20230303 03:38:49.328"/>
</branch>
<status status="PASS" starttime="20230303 03:38:46.097" endtime="20230303 03:38:49.328"/>
</if>
<if>
<branch type="IF" condition="${plan}==1">
<kw name=" Select list Plan" library="Keyword">
<kw name="Click Element" library="SeleniumLibrary">
<arg>${locator_drop_down_plan}</arg>
<doc>Click the element identified by ``locator``.</doc>
<msg timestamp="20230303 03:38:49.331" level="INFO">Clicking element 'id=select-plan'.</msg>
<status status="PASS" starttime="20230303 03:38:49.330" endtime="20230303 03:38:50.416"/>
</kw>
<kw name="Wait Until Element Is Visible" library="SeleniumLibrary">
<arg>${locator_drop_down_Basic}</arg>
<arg>2s</arg>
<doc>Waits until the element ``locator`` is visible.</doc>
<status status="PASS" starttime="20230303 03:38:50.416" endtime="20230303 03:38:51.472"/>
</kw>
<kw name="Click Element" library="SeleniumLibrary">
<arg>${locator_drop_down_Basic}</arg>
<doc>Click the element identified by ``locator``.</doc>
<msg timestamp="20230303 03:38:51.474" level="INFO">Clicking element 'xpath=//*[@id="menu-"]/div[3]/ul/li[1]'.</msg>
<status status="PASS" starttime="20230303 03:38:51.472" endtime="20230303 03:38:52.577"/>
</kw>
<status status="PASS" starttime="20230303 03:38:49.329" endtime="20230303 03:38:52.577"/>
</kw>
<status status="PASS" starttime="20230303 03:38:49.329" endtime="20230303 03:38:52.577"/>
</branch>
<status status="PASS" starttime="20230303 03:38:49.329" endtime="20230303 03:38:52.578"/>
</if>
<kw name="click sign-up" library="Keyword">
<kw name="Click Element" library="SeleniumLibrary">
<arg>${locator_btn-sign-up}</arg>
<doc>Click the element identified by ``locator``.</doc>
<msg timestamp="20230303 03:38:52.579" level="INFO">Clicking element 'id=btn-sign-up'.</msg>
<status status="PASS" starttime="20230303 03:38:52.578" endtime="20230303 03:38:53.710"/>
</kw>
<status status="PASS" starttime="20230303 03:38:52.578" endtime="20230303 03:38:53.710"/>
</kw>
<kw name="Verify error msg" library="Keyword">
<arg>${locator}</arg>
<arg>${errormsg}</arg>
<kw name="Get Text" library="SeleniumLibrary">
<var>${txt}</var>
<arg>${locator}</arg>
<doc>Returns the text value of the element identified by ``locator``.</doc>
<msg timestamp="20230303 03:38:54.770" level="INFO">${txt} = This field is required</msg>
<status status="PASS" starttime="20230303 03:38:53.711" endtime="20230303 03:38:54.770"/>
</kw>
<kw name="Should Be Equal As Strings" library="BuiltIn">
<arg>${txt}</arg>
<arg>${errormsg}</arg>
<doc>Fails if objects are unequal after converting them to strings.</doc>
<status status="PASS" starttime="20230303 03:38:54.770" endtime="20230303 03:38:54.771"/>
</kw>
<status status="PASS" starttime="20230303 03:38:53.711" endtime="20230303 03:38:54.772"/>
</kw>
<status status="PASS" starttime="20230303 03:38:28.915" endtime="20230303 03:38:54.772"/>
</kw>
<kw name="input data for register (positive)-Test Template" library="Keyword">
<arg>กนกนวล</arg>
<arg>${EMPTY}</arg>
<arg>Beam1234@gmail.com</arg>
<arg>1234567890</arg>
<arg>08222222222</arg>
<arg>female</arg>
<arg>1</arg>
<arg>1</arg>
<arg>1</arg>
<arg>1</arg>
<arg>${locator_msg_require_Last_name}</arg>
<arg>This field is required</arg>
<kw name="Input Text" library="SeleniumLibrary">
<arg>${locator_firstname}</arg>
<arg>${firstname}</arg>
<doc>Types the given ``text`` into the text field identified by ``locator``.</doc>
<msg timestamp="20230303 03:38:54.776" level="INFO">Typing text 'กนกนวล' into text field 'id=firstname'.</msg>
<status status="PASS" starttime="20230303 03:38:54.775" endtime="20230303 03:38:56.390"/>
</kw>
<kw name="Input Text" library="SeleniumLibrary">
<arg>${locator_lastname}</arg>
<arg>${lastname}</arg>
<doc>Types the given ``text`` into the text field identified by ``locator``.</doc>
<msg timestamp="20230303 03:38:56.392" level="INFO">Typing text '' into text field 'id=lastname'.</msg>
<status status="PASS" starttime="20230303 03:38:56.390" endtime="20230303 03:38:58.005"/>
</kw>
<kw name="Input Text" library="SeleniumLibrary">
<arg>${locator_email}</arg>
<arg>${email}</arg>
<doc>Types the given ``text`` into the text field identified by ``locator``.</doc>
<msg timestamp="20230303 03:38:58.007" level="INFO">Typing text 'Beam1234@gmail.com' into text field 'id=email'.</msg>
<status status="PASS" starttime="20230303 03:38:58.005" endtime="20230303 03:38:59.731"/>
</kw>
<kw name="Input Text" library="SeleniumLibrary">
<arg>${locator_password}</arg>
<arg>${password}</arg>
<doc>Types the given ``text`` into the text field identified by ``locator``.</doc>
<msg timestamp="20230303 03:38:59.733" level="INFO">Typing text '1234567890' into text field 'id=password'.</msg>
<status status="PASS" starttime="20230303 03:38:59.731" endtime="20230303 03:39:01.411"/>
</kw>
<kw name="Input Text" library="SeleniumLibrary">
<arg>${locator_m.phone}</arg>
<arg>${m.phone}</arg>
<doc>Types the given ``text`` into the text field identified by ``locator``.</doc>
<msg timestamp="20230303 03:39:01.413" level="INFO">Typing text '08222222222' into text field 'id=mobile-phone'.</msg>
<status status="PASS" starttime="20230303 03:39:01.411" endtime="20230303 03:39:03.106"/>
</kw>
<if>
<branch type="IF" condition="&quot;${gendor}&quot;!=0">
<kw name="Select Radio Button" library="SeleniumLibrary">
<arg>${locator_gendor}</arg>
<arg>${gendor}</arg>
<doc>Sets the radio button group ``group_name`` to ``value``.</doc>
<msg timestamp="20230303 03:39:03.107" level="INFO">Selecting 'female' from radio button 'validation-basic-radio'.</msg>
<status status="PASS" starttime="20230303 03:39:03.107" endtime="20230303 03:39:04.135"/>
</kw>
<status status="PASS" starttime="20230303 03:39:03.106" endtime="20230303 03:39:04.135"/>
</branch>
<status status="PASS" starttime="20230303 03:39:03.106" endtime="20230303 03:39:04.135"/>
</if>
<if>
<branch type="IF" condition="${checkbox} == 1">
<kw name="Select Checkbox" library="SeleniumLibrary">
<arg>${locator_chkSQL}</arg>
<doc>Selects the checkbox identified by ``locator``.</doc>
<msg timestamp="20230303 03:39:04.137" level="INFO">Selecting checkbox 'name=courses.SQL'.</msg>
<status status="PASS" starttime="20230303 03:39:04.136" endtime="20230303 03:39:06.212"/>
</kw>
<status status="PASS" starttime="20230303 03:39:04.135" endtime="20230303 03:39:06.212"/>
</branch>
<branch type="ELSE IF" condition="${checkbox} == 2">
<kw name="Select Checkbox" library="SeleniumLibrary">
<arg>${locator_chkSQL}</arg>
<doc>Selects the checkbox identified by ``locator``.</doc>
<status status="NOT RUN" starttime="20230303 03:39:06.212" endtime="20230303 03:39:06.212"/>
</kw>
<kw name="Select Checkbox" library="SeleniumLibrary">
<arg>${locator_chk_testManual}</arg>
<doc>Selects the checkbox identified by ``locator``.</doc>
<status status="NOT RUN" starttime="20230303 03:39:06.212" endtime="20230303 03:39:06.212"/>
</kw>
<status status="NOT RUN" starttime="20230303 03:39:06.212" endtime="20230303 03:39:06.212"/>
</branch>
<branch type="ELSE IF" condition="${checkbox} == 3">
<kw name="Select Checkbox" library="SeleniumLibrary">
<arg>${locator_chkSQL}</arg>
<doc>Selects the checkbox identified by ``locator``.</doc>
<status status="NOT RUN" starttime="20230303 03:39:06.212" endtime="20230303 03:39:06.212"/>
</kw>
<kw name="Select Checkbox" library="SeleniumLibrary">
<arg>${locator_chk_testManual}</arg>
<doc>Selects the checkbox identified by ``locator``.</doc>
<status status="NOT RUN" starttime="20230303 03:39:06.212" endtime="20230303 03:39:06.213"/>
</kw>
<kw name="Select Checkbox" library="SeleniumLibrary">
<arg>${locator_chk_testAutomate}</arg>
<doc>Selects the checkbox identified by ``locator``.</doc>
<status status="NOT RUN" starttime="20230303 03:39:06.213" endtime="20230303 03:39:06.213"/>
</kw>
<status status="NOT RUN" starttime="20230303 03:39:06.212" endtime="20230303 03:39:06.213"/>
</branch>
<branch type="ELSE IF" condition="${checkbox} == 4">
<kw name="Select Checkbox" library="SeleniumLibrary">
<arg>${locator_chkSQL}</arg>
<doc>Selects the checkbox identified by ``locator``.</doc>
<status status="NOT RUN" starttime="20230303 03:39:06.213" endtime="20230303 03:39:06.213"/>
</kw>
<kw name="Select Checkbox" library="SeleniumLibrary">
<arg>${locator_chk_testManual}</arg>
<doc>Selects the checkbox identified by ``locator``.</doc>
<status status="NOT RUN" starttime="20230303 03:39:06.213" endtime="20230303 03:39:06.213"/>
</kw>
<kw name="Select Checkbox" library="SeleniumLibrary">
<arg>${locator_chk_testAutomate}</arg>
<doc>Selects the checkbox identified by ``locator``.</doc>
<status status="NOT RUN" starttime="20230303 03:39:06.213" endtime="20230303 03:39:06.213"/>
</kw>
<kw name="Select Checkbox" library="SeleniumLibrary">
<arg>${locator_chk_testAutomate2}</arg>
<doc>Selects the checkbox identified by ``locator``.</doc>
<status status="NOT RUN" starttime="20230303 03:39:06.213" endtime="20230303 03:39:06.213"/>
</kw>
<status status="NOT RUN" starttime="20230303 03:39:06.213" endtime="20230303 03:39:06.213"/>
</branch>
<status status="PASS" starttime="20230303 03:39:04.135" endtime="20230303 03:39:06.213"/>
</if>
<if>
<branch type="IF" condition="${nationality}==1">
<kw name="Select list Nationality" library="Keyword">
<kw name="Click Element" library="SeleniumLibrary">
<arg>${locator_drop_down_nationality}</arg>
<doc>Click the element identified by ``locator``.</doc>
<msg timestamp="20230303 03:39:06.214" level="INFO">Clicking element 'id=nationality'.</msg>
<status status="PASS" starttime="20230303 03:39:06.214" endtime="20230303 03:39:07.477"/>
</kw>
<kw name="Wait Until Element Is Visible" library="SeleniumLibrary">
<arg>${locator_drop_down_thai}</arg>
<arg>2s</arg>
<doc>Waits until the element ``locator`` is visible.</doc>
<status status="PASS" starttime="20230303 03:39:07.477" endtime="20230303 03:39:08.522"/>
</kw>
<kw name="Click Element" library="SeleniumLibrary">
<arg>${locator_drop_down_thai}</arg>
<doc>Click the element identified by ``locator``.</doc>
<msg timestamp="20230303 03:39:08.523" level="INFO">Clicking element 'xpath=//*[@id="menu-"]/div[3]/ul/li[221]'.</msg>
<status status="PASS" starttime="20230303 03:39:08.522" endtime="20230303 03:39:09.679"/>
</kw>
<status status="PASS" starttime="20230303 03:39:06.214" endtime="20230303 03:39:09.679"/>
</kw>
<status status="PASS" starttime="20230303 03:39:06.213" endtime="20230303 03:39:09.679"/>
</branch>
<status status="PASS" starttime="20230303 03:39:06.213" endtime="20230303 03:39:09.679"/>
</if>
<if>
<branch type="IF" condition="${role}==1">
<kw name="Select List Role" library="Keyword">
<kw name="Click Element" library="SeleniumLibrary">
<arg>${locator_drop_down_Role}</arg>
<doc>Click the element identified by ``locator``.</doc>
<msg timestamp="20230303 03:39:09.682" level="INFO">Clicking element 'id=select-role'.</msg>
<status status="PASS" starttime="20230303 03:39:09.681" endtime="20230303 03:39:10.761"/>
</kw>
<kw name="Wait Until Element Is Visible" library="SeleniumLibrary">
<arg>${locator_drop_down_Admin}</arg>
<arg>2s</arg>
<doc>Waits until the element ``locator`` is visible.</doc>
<status status="PASS" starttime="20230303 03:39:10.761" endtime="20230303 03:39:11.805"/>
</kw>
<kw name="Click Element" library="SeleniumLibrary">
<arg>${locator_drop_down_Admin}</arg>
<doc>Click the element identified by ``locator``.</doc>
<msg timestamp="20230303 03:39:11.806" level="INFO">Clicking element 'xpath=//*[@id="menu-"]/div[3]/ul/li[1]'.</msg>
<status status="PASS" starttime="20230303 03:39:11.805" endtime="20230303 03:39:12.864"/>
</kw>
<status status="PASS" starttime="20230303 03:39:09.680" endtime="20230303 03:39:12.864"/>
</kw>
<status status="PASS" starttime="20230303 03:39:09.680" endtime="20230303 03:39:12.864"/>
</branch>
<status status="PASS" starttime="20230303 03:39:09.680" endtime="20230303 03:39:12.864"/>
</if>
<if>
<branch type="IF" condition="${plan}==1">
<kw name=" Select list Plan" library="Keyword">
<kw name="Click Element" library="SeleniumLibrary">
<arg>${locator_drop_down_plan}</arg>
<doc>Click the element identified by ``locator``.</doc>
<msg timestamp="20230303 03:39:12.866" level="INFO">Clicking element 'id=select-plan'.</msg>
<status status="PASS" starttime="20230303 03:39:12.865" endtime="20230303 03:39:13.929"/>
</kw>
<kw name="Wait Until Element Is Visible" library="SeleniumLibrary">
<arg>${locator_drop_down_Basic}</arg>
<arg>2s</arg>
<doc>Waits until the element ``locator`` is visible.</doc>
<status status="PASS" starttime="20230303 03:39:13.929" endtime="20230303 03:39:14.986"/>
</kw>
<kw name="Click Element" library="SeleniumLibrary">
<arg>${locator_drop_down_Basic}</arg>
<doc>Click the element identified by ``locator``.</doc>
<msg timestamp="20230303 03:39:14.988" level="INFO">Clicking element 'xpath=//*[@id="menu-"]/div[3]/ul/li[1]'.</msg>
<status status="PASS" starttime="20230303 03:39:14.986" endtime="20230303 03:39:16.104"/>
</kw>
<status status="PASS" starttime="20230303 03:39:12.865" endtime="20230303 03:39:16.104"/>
</kw>
<status status="PASS" starttime="20230303 03:39:12.864" endtime="20230303 03:39:16.104"/>
</branch>
<status status="PASS" starttime="20230303 03:39:12.864" endtime="20230303 03:39:16.104"/>
</if>
<kw name="click sign-up" library="Keyword">
<kw name="Click Element" library="SeleniumLibrary">
<arg>${locator_btn-sign-up}</arg>
<doc>Click the element identified by ``locator``.</doc>
<msg timestamp="20230303 03:39:16.106" level="INFO">Clicking element 'id=btn-sign-up'.</msg>
<status status="PASS" starttime="20230303 03:39:16.105" endtime="20230303 03:39:17.191"/>
</kw>
<status status="PASS" starttime="20230303 03:39:16.104" endtime="20230303 03:39:17.191"/>
</kw>
<kw name="Verify error msg" library="Keyword">
<arg>${locator}</arg>
<arg>${errormsg}</arg>
<kw name="Get Text" library="SeleniumLibrary">
<var>${txt}</var>
<arg>${locator}</arg>
<doc>Returns the text value of the element identified by ``locator``.</doc>
<msg timestamp="20230303 03:39:18.346" level="INFO" html="true">&lt;/td&gt;&lt;/tr&gt;&lt;tr&gt;&lt;td colspan="3"&gt;&lt;a href="selenium-screenshot-99.png"&gt;&lt;img src="selenium-screenshot-99.png" width="800px"&gt;&lt;/a&gt;</msg>
<msg timestamp="20230303 03:39:18.346" level="FAIL">Element with locator 'id=error-lastname' not found.</msg>
<status status="FAIL" starttime="20230303 03:39:17.192" endtime="20230303 03:39:18.351"/>
</kw>
<kw name="Should Be Equal As Strings" library="BuiltIn">
<arg>${txt}</arg>
<arg>${errormsg}</arg>
<doc>Fails if objects are unequal after converting them to strings.</doc>
<status status="NOT RUN" starttime="20230303 03:39:18.351" endtime="20230303 03:39:18.351"/>
</kw>
<status status="FAIL" starttime="20230303 03:39:17.191" endtime="20230303 03:39:18.351"/>
</kw>
<status status="FAIL" starttime="20230303 03:38:54.773" endtime="20230303 03:39:18.351"/>
</kw>
<kw name="input data for register (positive)-Test Template" library="Keyword">
<arg>กนกนวล</arg>
<arg>อินขาน</arg>
<arg>${EMPTY}</arg>
<arg>1234567890</arg>
<arg>08222222222</arg>
<arg>female</arg>
<arg>1</arg>
<arg>1</arg>
<arg>1</arg>
<arg>1</arg>
<arg>${locator_msg_require_email}</arg>
<arg>This field is required</arg>
<kw name="Input Text" library="SeleniumLibrary">
<arg>${locator_firstname}</arg>
<arg>${firstname}</arg>
<doc>Types the given ``text`` into the text field identified by ``locator``.</doc>
<msg timestamp="20230303 03:39:18.354" level="INFO">Typing text 'กนกนวล' into text field 'id=firstname'.</msg>
<status status="PASS" starttime="20230303 03:39:18.354" endtime="20230303 03:39:20.012"/>
</kw>
<kw name="Input Text" library="SeleniumLibrary">
<arg>${locator_lastname}</arg>
<arg>${lastname}</arg>
<doc>Types the given ``text`` into the text field identified by ``locator``.</doc>
<msg timestamp="20230303 03:39:20.013" level="INFO">Typing text 'อินขาน' into text field 'id=lastname'.</msg>
<status status="PASS" starttime="20230303 03:39:20.012" endtime="20230303 03:39:21.670"/>
</kw>
<kw name="Input Text" library="SeleniumLibrary">
<arg>${locator_email}</arg>
<arg>${email}</arg>
<doc>Types the given ``text`` into the text field identified by ``locator``.</doc>
<msg timestamp="20230303 03:39:21.671" level="INFO">Typing text '' into text field 'id=email'.</msg>
<status status="PASS" starttime="20230303 03:39:21.670" endtime="20230303 03:39:23.287"/>
</kw>
<kw name="Input Text" library="SeleniumLibrary">
<arg>${locator_password}</arg>
<arg>${password}</arg>
<doc>Types the given ``text`` into the text field identified by ``locator``.</doc>
<msg timestamp="20230303 03:39:23.288" level="INFO">Typing text '1234567890' into text field 'id=password'.</msg>
<status status="PASS" starttime="20230303 03:39:23.287" endtime="20230303 03:39:24.943"/>
</kw>
<kw name="Input Text" library="SeleniumLibrary">
<arg>${locator_m.phone}</arg>
<arg>${m.phone}</arg>
<doc>Types the given ``text`` into the text field identified by ``locator``.</doc>
<msg timestamp="20230303 03:39:24.944" level="INFO">Typing text '08222222222' into text field 'id=mobile-phone'.</msg>
<status status="PASS" starttime="20230303 03:39:24.943" endtime="20230303 03:39:26.619"/>
</kw>
<if>
<branch type="IF" condition="&quot;${gendor}&quot;!=0">
<kw name="Select Radio Button" library="SeleniumLibrary">
<arg>${locator_gendor}</arg>
<arg>${gendor}</arg>
<doc>Sets the radio button group ``group_name`` to ``value``.</doc>
<msg timestamp="20230303 03:39:26.620" level="INFO">Selecting 'female' from radio button 'validation-basic-radio'.</msg>
<status status="PASS" starttime="20230303 03:39:26.619" endtime="20230303 03:39:27.647"/>
</kw>
<status status="PASS" starttime="20230303 03:39:26.619" endtime="20230303 03:39:27.647"/>
</branch>
<status status="PASS" starttime="20230303 03:39:26.619" endtime="20230303 03:39:27.647"/>
</if>
<if>
<branch type="IF" condition="${checkbox} == 1">
<kw name="Select Checkbox" library="SeleniumLibrary">
<arg>${locator_chkSQL}</arg>
<doc>Selects the checkbox identified by ``locator``.</doc>
<msg timestamp="20230303 03:39:27.648" level="INFO">Selecting checkbox 'name=courses.SQL'.</msg>
<status status="PASS" starttime="20230303 03:39:27.647" endtime="20230303 03:39:29.706"/>
</kw>
<status status="PASS" starttime="20230303 03:39:27.647" endtime="20230303 03:39:29.706"/>
</branch>
<branch type="ELSE IF" condition="${checkbox} == 2">
<kw name="Select Checkbox" library="SeleniumLibrary">
<arg>${locator_chkSQL}</arg>
<doc>Selects the checkbox identified by ``locator``.</doc>
<status status="NOT RUN" starttime="20230303 03:39:29.706" endtime="20230303 03:39:29.707"/>
</kw>
<kw name="Select Checkbox" library="SeleniumLibrary">
<arg>${locator_chk_testManual}</arg>
<doc>Selects the checkbox identified by ``locator``.</doc>
<status status="NOT RUN" starttime="20230303 03:39:29.707" endtime="20230303 03:39:29.707"/>
</kw>
<status status="NOT RUN" starttime="20230303 03:39:29.706" endtime="20230303 03:39:29.707"/>
</branch>
<branch type="ELSE IF" condition="${checkbox} == 3">
<kw name="Select Checkbox" library="SeleniumLibrary">
<arg>${locator_chkSQL}</arg>
<doc>Selects the checkbox identified by ``locator``.</doc>
<status status="NOT RUN" starttime="20230303 03:39:29.707" endtime="20230303 03:39:29.707"/>
</kw>
<kw name="Select Checkbox" library="SeleniumLibrary">
<arg>${locator_chk_testManual}</arg>
<doc>Selects the checkbox identified by ``locator``.</doc>
<status status="NOT RUN" starttime="20230303 03:39:29.708" endtime="20230303 03:39:29.708"/>
</kw>
<kw name="Select Checkbox" library="SeleniumLibrary">
<arg>${locator_chk_testAutomate}</arg>
<doc>Selects the checkbox identified by ``locator``.</doc>
<status status="NOT RUN" starttime="20230303 03:39:29.708" endtime="20230303 03:39:29.708"/>
</kw>
<status status="NOT RUN" starttime="20230303 03:39:29.707" endtime="20230303 03:39:29.708"/>
</branch>
<branch type="ELSE IF" condition="${checkbox} == 4">
<kw name="Select Checkbox" library="SeleniumLibrary">
<arg>${locator_chkSQL}</arg>
<doc>Selects the checkbox identified by ``locator``.</doc>
<status status="NOT RUN" starttime="20230303 03:39:29.708" endtime="20230303 03:39:29.708"/>
</kw>
<kw name="Select Checkbox" library="SeleniumLibrary">
<arg>${locator_chk_testManual}</arg>
<doc>Selects the checkbox identified by ``locator``.</doc>
<status status="NOT RUN" starttime="20230303 03:39:29.709" endtime="20230303 03:39:29.709"/>
</kw>
<kw name="Select Checkbox" library="SeleniumLibrary">
<arg>${locator_chk_testAutomate}</arg>
<doc>Selects the checkbox identified by ``locator``.</doc>
<status status="NOT RUN" starttime="20230303 03:39:29.709" endtime="20230303 03:39:29.709"/>
</kw>
<kw name="Select Checkbox" library="SeleniumLibrary">
<arg>${locator_chk_testAutomate2}</arg>
<doc>Selects the checkbox identified by ``locator``.</doc>
<status status="NOT RUN" starttime="20230303 03:39:29.709" endtime="20230303 03:39:29.709"/>
</kw>
<status status="NOT RUN" starttime="20230303 03:39:29.708" endtime="20230303 03:39:29.709"/>
</branch>
<status status="PASS" starttime="20230303 03:39:27.647" endtime="20230303 03:39:29.709"/>
</if>
<if>
<branch type="IF" condition="${nationality}==1">
<kw name="Select list Nationality" library="Keyword">
<kw name="Click Element" library="SeleniumLibrary">
<arg>${locator_drop_down_nationality}</arg>
<doc>Click the element identified by ``locator``.</doc>
<msg timestamp="20230303 03:39:29.712" level="INFO">Clicking element 'id=nationality'.</msg>
<status status="PASS" starttime="20230303 03:39:29.711" endtime="20230303 03:39:31.048"/>
</kw>
<kw name="Wait Until Element Is Visible" library="SeleniumLibrary">
<arg>${locator_drop_down_thai}</arg>
<arg>2s</arg>
<doc>Waits until the element ``locator`` is visible.</doc>
<status status="PASS" starttime="20230303 03:39:31.048" endtime="20230303 03:39:32.090"/>
</kw>
<kw name="Click Element" library="SeleniumLibrary">
<arg>${locator_drop_down_thai}</arg>
<doc>Click the element identified by ``locator``.</doc>
<msg timestamp="20230303 03:39:32.091" level="INFO">Clicking element 'xpath=//*[@id="menu-"]/div[3]/ul/li[221]'.</msg>
<status status="PASS" starttime="20230303 03:39:32.090" endtime="20230303 03:39:33.242"/>
</kw>
<status status="PASS" starttime="20230303 03:39:29.710" endtime="20230303 03:39:33.242"/>
</kw>
<status status="PASS" starttime="20230303 03:39:29.710" endtime="20230303 03:39:33.242"/>
</branch>
<status status="PASS" starttime="20230303 03:39:29.710" endtime="20230303 03:39:33.243"/>
</if>
<if>
<branch type="IF" condition="${role}==1">
<kw name="Select List Role" library="Keyword">
<kw name="Click Element" library="SeleniumLibrary">
<arg>${locator_drop_down_Role}</arg>
<doc>Click the element identified by ``locator``.</doc>
<msg timestamp="20230303 03:39:33.245" level="INFO">Clicking element 'id=select-role'.</msg>
<status status="PASS" starttime="20230303 03:39:33.244" endtime="20230303 03:39:34.328"/>
</kw>
<kw name="Wait Until Element Is Visible" library="SeleniumLibrary">
<arg>${locator_drop_down_Admin}</arg>
<arg>2s</arg>
<doc>Waits until the element ``locator`` is visible.</doc>
<status status="PASS" starttime="20230303 03:39:34.328" endtime="20230303 03:39:35.356"/>
</kw>
<kw name="Click Element" library="SeleniumLibrary">
<arg>${locator_drop_down_Admin}</arg>
<doc>Click the element identified by ``locator``.</doc>
<msg timestamp="20230303 03:39:35.357" level="INFO">Clicking element 'xpath=//*[@id="menu-"]/div[3]/ul/li[1]'.</msg>
<status status="PASS" starttime="20230303 03:39:35.356" endtime="20230303 03:39:36.441"/>
</kw>
<status status="PASS" starttime="20230303 03:39:33.243" endtime="20230303 03:39:36.442"/>
</kw>
<status status="PASS" starttime="20230303 03:39:33.243" endtime="20230303 03:39:36.442"/>
</branch>
<status status="PASS" starttime="20230303 03:39:33.243" endtime="20230303 03:39:36.442"/>
</if>
<if>
<branch type="IF" condition="${plan}==1">
<kw name=" Select list Plan" library="Keyword">
<kw name="Click Element" library="SeleniumLibrary">
<arg>${locator_drop_down_plan}</arg>
<doc>Click the element identified by ``locator``.</doc>
<msg timestamp="20230303 03:39:36.444" level="INFO">Clicking element 'id=select-plan'.</msg>
<status status="PASS" starttime="20230303 03:39:36.443" endtime="20230303 03:39:37.515"/>
</kw>
<kw name="Wait Until Element Is Visible" library="SeleniumLibrary">
<arg>${locator_drop_down_Basic}</arg>
<arg>2s</arg>
<doc>Waits until the element ``locator`` is visible.</doc>
<status status="PASS" starttime="20230303 03:39:37.515" endtime="20230303 03:39:38.558"/>
</kw>
<kw name="Click Element" library="SeleniumLibrary">
<arg>${locator_drop_down_Basic}</arg>
<doc>Click the element identified by ``locator``.</doc>
<msg timestamp="20230303 03:39:38.560" level="INFO">Clicking element 'xpath=//*[@id="menu-"]/div[3]/ul/li[1]'.</msg>
<status status="PASS" starttime="20230303 03:39:38.558" endtime="20230303 03:39:39.629"/>
</kw>
<status status="PASS" starttime="20230303 03:39:36.443" endtime="20230303 03:39:39.629"/>
</kw>
<status status="PASS" starttime="20230303 03:39:36.442" endtime="20230303 03:39:39.629"/>
</branch>
<status status="PASS" starttime="20230303 03:39:36.442" endtime="20230303 03:39:39.629"/>
</if>
<kw name="click sign-up" library="Keyword">
<kw name="Click Element" library="SeleniumLibrary">
<arg>${locator_btn-sign-up}</arg>
<doc>Click the element identified by ``locator``.</doc>
<msg timestamp="20230303 03:39:39.631" level="INFO">Clicking element 'id=btn-sign-up'.</msg>
<status status="PASS" starttime="20230303 03:39:39.630" endtime="20230303 03:39:40.731"/>
</kw>
<status status="PASS" starttime="20230303 03:39:39.630" endtime="20230303 03:39:40.731"/>
</kw>
<kw name="Verify error msg" library="Keyword">
<arg>${locator}</arg>
<arg>${errormsg}</arg>
<kw name="Get Text" library="SeleniumLibrary">
<var>${txt}</var>
<arg>${locator}</arg>
<doc>Returns the text value of the element identified by ``locator``.</doc>
<msg timestamp="20230303 03:39:41.791" level="INFO">${txt} = Invalid email address</msg>
<status status="PASS" starttime="20230303 03:39:40.733" endtime="20230303 03:39:41.791"/>
</kw>
<kw name="Should Be Equal As Strings" library="BuiltIn">
<arg>${txt}</arg>
<arg>${errormsg}</arg>
<doc>Fails if objects are unequal after converting them to strings.</doc>
<msg timestamp="20230303 03:39:41.792" level="FAIL">Invalid email address != This field is required</msg>
<status status="FAIL" starttime="20230303 03:39:41.791" endtime="20230303 03:39:41.792"/>
</kw>
<status status="FAIL" starttime="20230303 03:39:40.731" endtime="20230303 03:39:41.793"/>
</kw>
<status status="FAIL" starttime="20230303 03:39:18.352" endtime="20230303 03:39:41.793"/>
</kw>
<kw name="input data for register (positive)-Test Template" library="Keyword">
<arg>กนกนวล</arg>
<arg>อินขาน</arg>
<arg>Beam1234@gmail.com</arg>
<arg>${EMPTY}</arg>
<arg>08222222222</arg>
<arg>female</arg>
<arg>1</arg>
<arg>1</arg>
<arg>1</arg>
<arg>1</arg>
<arg>${locator_msg_require_password}</arg>
<arg>This field is required</arg>
<kw name="Input Text" library="SeleniumLibrary">
<arg>${locator_firstname}</arg>
<arg>${firstname}</arg>
<doc>Types the given ``text`` into the text field identified by ``locator``.</doc>
<msg timestamp="20230303 03:39:41.799" level="INFO">Typing text 'กนกนวล' into text field 'id=firstname'.</msg>
<status status="PASS" starttime="20230303 03:39:41.797" endtime="20230303 03:39:43.491"/>
</kw>
<kw name="Input Text" library="SeleniumLibrary">
<arg>${locator_lastname}</arg>
<arg>${lastname}</arg>
<doc>Types the given ``text`` into the text field identified by ``locator``.</doc>
<msg timestamp="20230303 03:39:43.493" level="INFO">Typing text 'อินขาน' into text field 'id=lastname'.</msg>
<status status="PASS" starttime="20230303 03:39:43.492" endtime="20230303 03:39:45.134"/>
</kw>
<kw name="Input Text" library="SeleniumLibrary">
<arg>${locator_email}</arg>
<arg>${email}</arg>
<doc>Types the given ``text`` into the text field identified by ``locator``.</doc>
<msg timestamp="20230303 03:39:45.136" level="INFO">Typing text 'Beam1234@gmail.com' into text field 'id=email'.</msg>
<status status="PASS" starttime="20230303 03:39:45.134" endtime="20230303 03:39:46.839"/>
</kw>
<kw name="Input Text" library="SeleniumLibrary">
<arg>${locator_password}</arg>
<arg>${password}</arg>
<doc>Types the given ``text`` into the text field identified by ``locator``.</doc>
<msg timestamp="20230303 03:39:46.841" level="INFO">Typing text '' into text field 'id=password'.</msg>
<status status="PASS" starttime="20230303 03:39:46.839" endtime="20230303 03:39:48.456"/>
</kw>
<kw name="Input Text" library="SeleniumLibrary">
<arg>${locator_m.phone}</arg>
<arg>${m.phone}</arg>
<doc>Types the given ``text`` into the text field identified by ``locator``.</doc>
<msg timestamp="20230303 03:39:48.457" level="INFO">Typing text '08222222222' into text field 'id=mobile-phone'.</msg>
<status status="PASS" starttime="20230303 03:39:48.456" endtime="20230303 03:39:50.125"/>
</kw>
<if>
<branch type="IF" condition="&quot;${gendor}&quot;!=0">
<kw name="Select Radio Button" library="SeleniumLibrary">
<arg>${locator_gendor}</arg>
<arg>${gendor}</arg>
<doc>Sets the radio button group ``group_name`` to ``value``.</doc>
<msg timestamp="20230303 03:39:50.127" level="INFO">Selecting 'female' from radio button 'validation-basic-radio'.</msg>
<status status="PASS" starttime="20230303 03:39:50.126" endtime="20230303 03:39:51.152"/>
</kw>
<status status="PASS" starttime="20230303 03:39:50.125" endtime="20230303 03:39:51.152"/>
</branch>
<status status="PASS" starttime="20230303 03:39:50.125" endtime="20230303 03:39:51.152"/>
</if>
<if>
<branch type="IF" condition="${checkbox} == 1">
<kw name="Select Checkbox" library="SeleniumLibrary">
<arg>${locator_chkSQL}</arg>
<doc>Selects the checkbox identified by ``locator``.</doc>
<msg timestamp="20230303 03:39:51.154" level="INFO">Selecting checkbox 'name=courses.SQL'.</msg>
<status status="PASS" starttime="20230303 03:39:51.153" endtime="20230303 03:39:53.215"/>
</kw>
<status status="PASS" starttime="20230303 03:39:51.153" endtime="20230303 03:39:53.215"/>
</branch>
<branch type="ELSE IF" condition="${checkbox} == 2">
<kw name="Select Checkbox" library="SeleniumLibrary">
<arg>${locator_chkSQL}</arg>
<doc>Selects the checkbox identified by ``locator``.</doc>
<status status="NOT RUN" starttime="20230303 03:39:53.216" endtime="20230303 03:39:53.216"/>
</kw>
<kw name="Select Checkbox" library="SeleniumLibrary">
<arg>${locator_chk_testManual}</arg>
<doc>Selects the checkbox identified by ``locator``.</doc>
<status status="NOT RUN" starttime="20230303 03:39:53.216" endtime="20230303 03:39:53.216"/>
</kw>
<status status="NOT RUN" starttime="20230303 03:39:53.215" endtime="20230303 03:39:53.216"/>
</branch>
<branch type="ELSE IF" condition="${checkbox} == 3">
<kw name="Select Checkbox" library="SeleniumLibrary">
<arg>${locator_chkSQL}</arg>
<doc>Selects the checkbox identified by ``locator``.</doc>
<status status="NOT RUN" starttime="20230303 03:39:53.216" endtime="20230303 03:39:53.217"/>
</kw>
<kw name="Select Checkbox" library="SeleniumLibrary">
<arg>${locator_chk_testManual}</arg>
<doc>Selects the checkbox identified by ``locator``.</doc>
<status status="NOT RUN" starttime="20230303 03:39:53.217" endtime="20230303 03:39:53.217"/>
</kw>
<kw name="Select Checkbox" library="SeleniumLibrary">
<arg>${locator_chk_testAutomate}</arg>
<doc>Selects the checkbox identified by ``locator``.</doc>
<status status="NOT RUN" starttime="20230303 03:39:53.217" endtime="20230303 03:39:53.217"/>
</kw>
<status status="NOT RUN" starttime="20230303 03:39:53.216" endtime="20230303 03:39:53.217"/>
</branch>
<branch type="ELSE IF" condition="${checkbox} == 4">
<kw name="Select Checkbox" library="SeleniumLibrary">
<arg>${locator_chkSQL}</arg>
<doc>Selects the checkbox identified by ``locator``.</doc>
<status status="NOT RUN" starttime="20230303 03:39:53.217" endtime="20230303 03:39:53.218"/>
</kw>
<kw name="Select Checkbox" library="SeleniumLibrary">
<arg>${locator_chk_testManual}</arg>
<doc>Selects the checkbox identified by ``locator``.</doc>
<status status="NOT RUN" starttime="20230303 03:39:53.218" endtime="20230303 03:39:53.218"/>
</kw>
<kw name="Select Checkbox" library="SeleniumLibrary">
<arg>${locator_chk_testAutomate}</arg>
<doc>Selects the checkbox identified by ``locator``.</doc>
<status status="NOT RUN" starttime="20230303 03:39:53.218" endtime="20230303 03:39:53.218"/>
</kw>
<kw name="Select Checkbox" library="SeleniumLibrary">
<arg>${locator_chk_testAutomate2}</arg>
<doc>Selects the checkbox identified by ``locator``.</doc>
<status status="NOT RUN" starttime="20230303 03:39:53.218" endtime="20230303 03:39:53.218"/>
</kw>
<status status="NOT RUN" starttime="20230303 03:39:53.217" endtime="20230303 03:39:53.218"/>
</branch>
<status status="PASS" starttime="20230303 03:39:51.152" endtime="20230303 03:39:53.219"/>
</if>
<if>
<branch type="IF" condition="${nationality}==1">
<kw name="Select list Nationality" library="Keyword">
<kw name="Click Element" library="SeleniumLibrary">
<arg>${locator_drop_down_nationality}</arg>
<doc>Click the element identified by ``locator``.</doc>
<msg timestamp="20230303 03:39:53.221" level="INFO">Clicking element 'id=nationality'.</msg>
<status status="PASS" starttime="20230303 03:39:53.220" endtime="20230303 03:39:54.584"/>
</kw>
<kw name="Wait Until Element Is Visible" library="SeleniumLibrary">
<arg>${locator_drop_down_thai}</arg>
<arg>2s</arg>
<doc>Waits until the element ``locator`` is visible.</doc>
<status status="PASS" starttime="20230303 03:39:54.584" endtime="20230303 03:39:55.608"/>
</kw>
<kw name="Click Element" library="SeleniumLibrary">
<arg>${locator_drop_down_thai}</arg>
<doc>Click the element identified by ``locator``.</doc>
<msg timestamp="20230303 03:39:55.609" level="INFO">Clicking element 'xpath=//*[@id="menu-"]/div[3]/ul/li[221]'.</msg>
<status status="PASS" starttime="20230303 03:39:55.608" endtime="20230303 03:39:56.804"/>
</kw>
<status status="PASS" starttime="20230303 03:39:53.219" endtime="20230303 03:39:56.804"/>
</kw>
<status status="PASS" starttime="20230303 03:39:53.219" endtime="20230303 03:39:56.804"/>
</branch>
<status status="PASS" starttime="20230303 03:39:53.219" endtime="20230303 03:39:56.804"/>
</if>
<if>
<branch type="IF" condition="${role}==1">
<kw name="Select List Role" library="Keyword">
<kw name="Click Element" library="SeleniumLibrary">
<arg>${locator_drop_down_Role}</arg>
<doc>Click the element identified by ``locator``.</doc>
<msg timestamp="20230303 03:39:56.807" level="INFO">Clicking element 'id=select-role'.</msg>
<status status="PASS" starttime="20230303 03:39:56.806" endtime="20230303 03:39:57.880"/>
</kw>
<kw name="Wait Until Element Is Visible" library="SeleniumLibrary">
<arg>${locator_drop_down_Admin}</arg>
<arg>2s</arg>
<doc>Waits until the element ``locator`` is visible.</doc>
<status status="PASS" starttime="20230303 03:39:57.880" endtime="20230303 03:39:58.906"/>
</kw>
<kw name="Click Element" library="SeleniumLibrary">
<arg>${locator_drop_down_Admin}</arg>
<doc>Click the element identified by ``locator``.</doc>
<msg timestamp="20230303 03:39:58.908" level="INFO">Clicking element 'xpath=//*[@id="menu-"]/div[3]/ul/li[1]'.</msg>
<status status="PASS" starttime="20230303 03:39:58.907" endtime="20230303 03:39:59.985"/>
</kw>
<status status="PASS" starttime="20230303 03:39:56.805" endtime="20230303 03:39:59.985"/>
</kw>
<status status="PASS" starttime="20230303 03:39:56.805" endtime="20230303 03:39:59.985"/>
</branch>
<status status="PASS" starttime="20230303 03:39:56.805" endtime="20230303 03:39:59.985"/>
</if>
<if>
<branch type="IF" condition="${plan}==1">
<kw name=" Select list Plan" library="Keyword">
<kw name="Click Element" library="SeleniumLibrary">
<arg>${locator_drop_down_plan}</arg>
<doc>Click the element identified by ``locator``.</doc>
<msg timestamp="20230303 03:39:59.988" level="INFO">Clicking element 'id=select-plan'.</msg>
<status status="PASS" starttime="20230303 03:39:59.987" endtime="20230303 03:40:01.084"/>
</kw>
<kw name="Wait Until Element Is Visible" library="SeleniumLibrary">
<arg>${locator_drop_down_Basic}</arg>
<arg>2s</arg>
<doc>Waits until the element ``locator`` is visible.</doc>
<status status="PASS" starttime="20230303 03:40:01.084" endtime="20230303 03:40:02.122"/>
</kw>
<kw name="Click Element" library="SeleniumLibrary">
<arg>${locator_drop_down_Basic}</arg>
<doc>Click the element identified by ``locator``.</doc>
<msg timestamp="20230303 03:40:02.123" level="INFO">Clicking element 'xpath=//*[@id="menu-"]/div[3]/ul/li[1]'.</msg>
<status status="PASS" starttime="20230303 03:40:02.122" endtime="20230303 03:40:03.192"/>
</kw>
<status status="PASS" starttime="20230303 03:39:59.986" endtime="20230303 03:40:03.192"/>
</kw>
<status status="PASS" starttime="20230303 03:39:59.986" endtime="20230303 03:40:03.192"/>
</branch>
<status status="PASS" starttime="20230303 03:39:59.986" endtime="20230303 03:40:03.192"/>
</if>
<kw name="click sign-up" library="Keyword">
<kw name="Click Element" library="SeleniumLibrary">
<arg>${locator_btn-sign-up}</arg>
<doc>Click the element identified by ``locator``.</doc>
<msg timestamp="20230303 03:40:03.194" level="INFO">Clicking element 'id=btn-sign-up'.</msg>
<status status="PASS" starttime="20230303 03:40:03.193" endtime="20230303 03:40:04.282"/>
</kw>
<status status="PASS" starttime="20230303 03:40:03.193" endtime="20230303 03:40:04.282"/>
</kw>
<kw name="Verify error msg" library="Keyword">
<arg>${locator}</arg>
<arg>${errormsg}</arg>
<kw name="Get Text" library="SeleniumLibrary">
<var>${txt}</var>
<arg>${locator}</arg>
<doc>Returns the text value of the element identified by ``locator``.</doc>
<msg timestamp="20230303 03:40:05.486" level="INFO" html="true">&lt;/td&gt;&lt;/tr&gt;&lt;tr&gt;&lt;td colspan="3"&gt;&lt;a href="selenium-screenshot-100.png"&gt;&lt;img src="selenium-screenshot-100.png" width="800px"&gt;&lt;/a&gt;</msg>
<msg timestamp="20230303 03:40:05.486" level="FAIL">Element with locator 'id=error-password' not found.</msg>
<status status="FAIL" starttime="20230303 03:40:04.284" endtime="20230303 03:40:05.487"/>
</kw>
<kw name="Should Be Equal As Strings" library="BuiltIn">
<arg>${txt}</arg>
<arg>${errormsg}</arg>
<doc>Fails if objects are unequal after converting them to strings.</doc>
<status status="NOT RUN" starttime="20230303 03:40:05.487" endtime="20230303 03:40:05.488"/>
</kw>
<status status="FAIL" starttime="20230303 03:40:04.283" endtime="20230303 03:40:05.488"/>
</kw>
<status status="FAIL" starttime="20230303 03:39:41.794" endtime="20230303 03:40:05.488"/>
</kw>
<kw name="input data for register (positive)-Test Template" library="Keyword">
<arg>กนกนวล</arg>
<arg>อินขาน</arg>
<arg>Beam1234@gmail.com</arg>
<arg>1234567890</arg>
<arg>${EMPTY}</arg>
<arg>female</arg>
<arg>1</arg>
<arg>1</arg>
<arg>1</arg>
<arg>1</arg>
<arg>${locator_msg_require_MP}</arg>
<arg>This field is required</arg>
<kw name="Input Text" library="SeleniumLibrary">
<arg>${locator_firstname}</arg>
<arg>${firstname}</arg>
<doc>Types the given ``text`` into the text field identified by ``locator``.</doc>
<msg timestamp="20230303 03:40:05.495" level="INFO">Typing text 'กนกนวล' into text field 'id=firstname'.</msg>
<status status="PASS" starttime="20230303 03:40:05.493" endtime="20230303 03:40:07.173"/>
</kw>
<kw name="Input Text" library="SeleniumLibrary">
<arg>${locator_lastname}</arg>
<arg>${lastname}</arg>
<doc>Types the given ``text`` into the text field identified by ``locator``.</doc>
<msg timestamp="20230303 03:40:07.174" level="INFO">Typing text 'อินขาน' into text field 'id=lastname'.</msg>
<status status="PASS" starttime="20230303 03:40:07.173" endtime="20230303 03:40:08.832"/>
</kw>
<kw name="Input Text" library="SeleniumLibrary">
<arg>${locator_email}</arg>
<arg>${email}</arg>
<doc>Types the given ``text`` into the text field identified by ``locator``.</doc>
<msg timestamp="20230303 03:40:08.834" level="INFO">Typing text 'Beam1234@gmail.com' into text field 'id=email'.</msg>
<status status="PASS" starttime="20230303 03:40:08.832" endtime="20230303 03:40:10.544"/>
</kw>
<kw name="Input Text" library="SeleniumLibrary">
<arg>${locator_password}</arg>
<arg>${password}</arg>
<doc>Types the given ``text`` into the text field identified by ``locator``.</doc>
<msg timestamp="20230303 03:40:10.546" level="INFO">Typing text '1234567890' into text field 'id=password'.</msg>
<status status="PASS" starttime="20230303 03:40:10.544" endtime="20230303 03:40:12.210"/>
</kw>
<kw name="Input Text" library="SeleniumLibrary">
<arg>${locator_m.phone}</arg>
<arg>${m.phone}</arg>
<doc>Types the given ``text`` into the text field identified by ``locator``.</doc>
<msg timestamp="20230303 03:40:12.212" level="INFO">Typing text '' into text field 'id=mobile-phone'.</msg>
<status status="PASS" starttime="20230303 03:40:12.210" endtime="20230303 03:40:13.843"/>
</kw>
<if>
<branch type="IF" condition="&quot;${gendor}&quot;!=0">
<kw name="Select Radio Button" library="SeleniumLibrary">
<arg>${locator_gendor}</arg>
<arg>${gendor}</arg>
<doc>Sets the radio button group ``group_name`` to ``value``.</doc>
<msg timestamp="20230303 03:40:13.844" level="INFO">Selecting 'female' from radio button 'validation-basic-radio'.</msg>
<status status="PASS" starttime="20230303 03:40:13.844" endtime="20230303 03:40:14.888"/>
</kw>
<status status="PASS" starttime="20230303 03:40:13.843" endtime="20230303 03:40:14.888"/>
</branch>
<status status="PASS" starttime="20230303 03:40:13.843" endtime="20230303 03:40:14.888"/>
</if>
<if>
<branch type="IF" condition="${checkbox} == 1">
<kw name="Select Checkbox" library="SeleniumLibrary">
<arg>${locator_chkSQL}</arg>
<doc>Selects the checkbox identified by ``locator``.</doc>
<msg timestamp="20230303 03:40:14.890" level="INFO">Selecting checkbox 'name=courses.SQL'.</msg>
<status status="PASS" starttime="20230303 03:40:14.889" endtime="20230303 03:40:16.949"/>
</kw>
<status status="PASS" starttime="20230303 03:40:14.888" endtime="20230303 03:40:16.949"/>
</branch>
<branch type="ELSE IF" condition="${checkbox} == 2">
<kw name="Select Checkbox" library="SeleniumLibrary">
<arg>${locator_chkSQL}</arg>
<doc>Selects the checkbox identified by ``locator``.</doc>
<status status="NOT RUN" starttime="20230303 03:40:16.949" endtime="20230303 03:40:16.949"/>
</kw>
<kw name="Select Checkbox" library="SeleniumLibrary">
<arg>${locator_chk_testManual}</arg>
<doc>Selects the checkbox identified by ``locator``.</doc>
<status status="NOT RUN" starttime="20230303 03:40:16.951" endtime="20230303 03:40:16.951"/>
</kw>
<status status="NOT RUN" starttime="20230303 03:40:16.949" endtime="20230303 03:40:16.951"/>
</branch>
<branch type="ELSE IF" condition="${checkbox} == 3">
<kw name="Select Checkbox" library="SeleniumLibrary">
<arg>${locator_chkSQL}</arg>
<doc>Selects the checkbox identified by ``locator``.</doc>
<status status="NOT RUN" starttime="20230303 03:40:16.951" endtime="20230303 03:40:16.951"/>
</kw>
<kw name="Select Checkbox" library="SeleniumLibrary">
<arg>${locator_chk_testManual}</arg>
<doc>Selects the checkbox identified by ``locator``.</doc>
<status status="NOT RUN" starttime="20230303 03:40:16.952" endtime="20230303 03:40:16.952"/>
</kw>
<kw name="Select Checkbox" library="SeleniumLibrary">
<arg>${locator_chk_testAutomate}</arg>
<doc>Selects the checkbox identified by ``locator``.</doc>
<status status="NOT RUN" starttime="20230303 03:40:16.952" endtime="20230303 03:40:16.952"/>
</kw>
<status status="NOT RUN" starttime="20230303 03:40:16.951" endtime="20230303 03:40:16.952"/>
</branch>
<branch type="ELSE IF" condition="${checkbox} == 4">
<kw name="Select Checkbox" library="SeleniumLibrary">
<arg>${locator_chkSQL}</arg>
<doc>Selects the checkbox identified by ``locator``.</doc>
<status status="NOT RUN" starttime="20230303 03:40:16.952" endtime="20230303 03:40:16.952"/>
</kw>
<kw name="Select Checkbox" library="SeleniumLibrary">
<arg>${locator_chk_testManual}</arg>
<doc>Selects the checkbox identified by ``locator``.</doc>
<status status="NOT RUN" starttime="20230303 03:40:16.952" endtime="20230303 03:40:16.953"/>
</kw>
<kw name="Select Checkbox" library="SeleniumLibrary">
<arg>${locator_chk_testAutomate}</arg>
<doc>Selects the checkbox identified by ``locator``.</doc>
<status status="NOT RUN" starttime="20230303 03:40:16.953" endtime="20230303 03:40:16.953"/>
</kw>
<kw name="Select Checkbox" library="SeleniumLibrary">
<arg>${locator_chk_testAutomate2}</arg>
<doc>Selects the checkbox identified by ``locator``.</doc>
<status status="NOT RUN" starttime="20230303 03:40:16.953" endtime="20230303 03:40:16.953"/>
</kw>
<status status="NOT RUN" starttime="20230303 03:40:16.952" endtime="20230303 03:40:16.953"/>
</branch>
<status status="PASS" starttime="20230303 03:40:14.888" endtime="20230303 03:40:16.953"/>
</if>
<if>
<branch type="IF" condition="${nationality}==1">
<kw name="Select list Nationality" library="Keyword">
<kw name="Click Element" library="SeleniumLibrary">
<arg>${locator_drop_down_nationality}</arg>
<doc>Click the element identified by ``locator``.</doc>
<msg timestamp="20230303 03:40:16.956" level="INFO">Clicking element 'id=nationality'.</msg>
<status status="PASS" starttime="20230303 03:40:16.954" endtime="20230303 03:40:18.225"/>
</kw>
<kw name="Wait Until Element Is Visible" library="SeleniumLibrary">
<arg>${locator_drop_down_thai}</arg>
<arg>2s</arg>
<doc>Waits until the element ``locator`` is visible.</doc>
<status status="PASS" starttime="20230303 03:40:18.225" endtime="20230303 03:40:19.281"/>
</kw>
<kw name="Click Element" library="SeleniumLibrary">
<arg>${locator_drop_down_thai}</arg>
<doc>Click the element identified by ``locator``.</doc>
<msg timestamp="20230303 03:40:19.282" level="INFO">Clicking element 'xpath=//*[@id="menu-"]/div[3]/ul/li[221]'.</msg>
<status status="PASS" starttime="20230303 03:40:19.281" endtime="20230303 03:40:20.431"/>
</kw>
<status status="PASS" starttime="20230303 03:40:16.954" endtime="20230303 03:40:20.431"/>
</kw>
<status status="PASS" starttime="20230303 03:40:16.953" endtime="20230303 03:40:20.431"/>
</branch>
<status status="PASS" starttime="20230303 03:40:16.953" endtime="20230303 03:40:20.431"/>
</if>
<if>
<branch type="IF" condition="${role}==1">
<kw name="Select List Role" library="Keyword">
<kw name="Click Element" library="SeleniumLibrary">
<arg>${locator_drop_down_Role}</arg>
<doc>Click the element identified by ``locator``.</doc>
<msg timestamp="20230303 03:40:20.433" level="INFO">Clicking element 'id=select-role'.</msg>
<status status="PASS" starttime="20230303 03:40:20.432" endtime="20230303 03:40:21.506"/>
</kw>
<kw name="Wait Until Element Is Visible" library="SeleniumLibrary">
<arg>${locator_drop_down_Admin}</arg>
<arg>2s</arg>
<doc>Waits until the element ``locator`` is visible.</doc>
<status status="PASS" starttime="20230303 03:40:21.506" endtime="20230303 03:40:22.531"/>
</kw>
<kw name="Click Element" library="SeleniumLibrary">
<arg>${locator_drop_down_Admin}</arg>
<doc>Click the element identified by ``locator``.</doc>
<msg timestamp="20230303 03:40:22.533" level="INFO">Clicking element 'xpath=//*[@id="menu-"]/div[3]/ul/li[1]'.</msg>
<status status="PASS" starttime="20230303 03:40:22.531" endtime="20230303 03:40:23.604"/>
</kw>
<status status="PASS" starttime="20230303 03:40:20.431" endtime="20230303 03:40:23.605"/>
</kw>
<status status="PASS" starttime="20230303 03:40:20.431" endtime="20230303 03:40:23.605"/>
</branch>
<status status="PASS" starttime="20230303 03:40:20.431" endtime="20230303 03:40:23.605"/>
</if>
<if>
<branch type="IF" condition="${plan}==1">
<kw name=" Select list Plan" library="Keyword">
<kw name="Click Element" library="SeleniumLibrary">
<arg>${locator_drop_down_plan}</arg>
<doc>Click the element identified by ``locator``.</doc>
<msg timestamp="20230303 03:40:23.607" level="INFO">Clicking element 'id=select-plan'.</msg>
<status status="PASS" starttime="20230303 03:40:23.606" endtime="20230303 03:40:24.664"/>
</kw>
<kw name="Wait Until Element Is Visible" library="SeleniumLibrary">
<arg>${locator_drop_down_Basic}</arg>
<arg>2s</arg>
<doc>Waits until the element ``locator`` is visible.</doc>
<status status="PASS" starttime="20230303 03:40:24.664" endtime="20230303 03:40:25.709"/>
</kw>
<kw name="Click Element" library="SeleniumLibrary">
<arg>${locator_drop_down_Basic}</arg>
<doc>Click the element identified by ``locator``.</doc>
<msg timestamp="20230303 03:40:25.711" level="INFO">Clicking element 'xpath=//*[@id="menu-"]/div[3]/ul/li[1]'.</msg>
<status status="PASS" starttime="20230303 03:40:25.710" endtime="20230303 03:40:26.786"/>
</kw>
<status status="PASS" starttime="20230303 03:40:23.606" endtime="20230303 03:40:26.786"/>
</kw>
<status status="PASS" starttime="20230303 03:40:23.605" endtime="20230303 03:40:26.786"/>
</branch>
<status status="PASS" starttime="20230303 03:40:23.605" endtime="20230303 03:40:26.786"/>
</if>
<kw name="click sign-up" library="Keyword">
<kw name="Click Element" library="SeleniumLibrary">
<arg>${locator_btn-sign-up}</arg>
<doc>Click the element identified by ``locator``.</doc>
<msg timestamp="20230303 03:40:26.787" level="INFO">Clicking element 'id=btn-sign-up'.</msg>
<status status="PASS" starttime="20230303 03:40:26.787" endtime="20230303 03:40:27.892"/>
</kw>
<status status="PASS" starttime="20230303 03:40:26.786" endtime="20230303 03:40:27.892"/>
</kw>
<kw name="Verify error msg" library="Keyword">
<arg>${locator}</arg>
<arg>${errormsg}</arg>
<kw name="Get Text" library="SeleniumLibrary">
<var>${txt}</var>
<arg>${locator}</arg>
<doc>Returns the text value of the element identified by ``locator``.</doc>
<msg timestamp="20230303 03:40:29.098" level="INFO" html="true">&lt;/td&gt;&lt;/tr&gt;&lt;tr&gt;&lt;td colspan="3"&gt;&lt;a href="selenium-screenshot-101.png"&gt;&lt;img src="selenium-screenshot-101.png" width="800px"&gt;&lt;/a&gt;</msg>
<msg timestamp="20230303 03:40:29.099" level="FAIL">Element with locator 'id=error-mobile-phone' not found.</msg>
<status status="FAIL" starttime="20230303 03:40:27.893" endtime="20230303 03:40:29.100"/>
</kw>
<kw name="Should Be Equal As Strings" library="BuiltIn">
<arg>${txt}</arg>
<arg>${errormsg}</arg>
<doc>Fails if objects are unequal after converting them to strings.</doc>
<status status="NOT RUN" starttime="20230303 03:40:29.100" endtime="20230303 03:40:29.100"/>
</kw>
<status status="FAIL" starttime="20230303 03:40:27.892" endtime="20230303 03:40:29.101"/>
</kw>
<status status="FAIL" starttime="20230303 03:40:05.489" endtime="20230303 03:40:29.101"/>
</kw>
<kw name="input data for register (positive)-Test Template" library="Keyword">
<arg>กนกนวล</arg>
<arg>อินขาน</arg>
<arg>Beam1234@gmail.com</arg>
[...]
</kw>
<status status="PASS" starttime="20230303 03:41:29.480" endtime="20230303 03:41:31.542"/>
</branch>
<branch type="ELSE IF" condition="${checkbox} == 2">
<kw name="Select Checkbox" library="SeleniumLibrary">
<arg>${locator_chkSQL}</arg>
<doc>Selects the checkbox identified by ``locator``.</doc>
<status status="NOT RUN" starttime="20230303 03:41:31.543" endtime="20230303 03:41:31.543"/>
</kw>
<kw name="Select Checkbox" library="SeleniumLibrary">
<arg>${locator_chk_testManual}</arg>
<doc>Selects the checkbox identified by ``locator``.</doc>
<status status="NOT RUN" starttime="20230303 03:41:31.543" endtime="20230303 03:41:31.543"/>
</kw>
<status status="NOT RUN" starttime="20230303 03:41:31.542" endtime="20230303 03:41:31.543"/>
</branch>
<branch type="ELSE IF" condition="${checkbox} == 3">
<kw name="Select Checkbox" library="SeleniumLibrary">
<arg>${locator_chkSQL}</arg>
<doc>Selects the checkbox identified by ``locator``.</doc>
<status status="NOT RUN" starttime="20230303 03:41:31.544" endtime="20230303 03:41:31.544"/>
</kw>
<kw name="Select Checkbox" library="SeleniumLibrary">
<arg>${locator_chk_testManual}</arg>
<doc>Selects the checkbox identified by ``locator``.</doc>
<status status="NOT RUN" starttime="20230303 03:41:31.544" endtime="20230303 03:41:31.544"/>
</kw>
<kw name="Select Checkbox" library="SeleniumLibrary">
<arg>${locator_chk_testAutomate}</arg>
<doc>Selects the checkbox identified by ``locator``.</doc>
<status status="NOT RUN" starttime="20230303 03:41:31.544" endtime="20230303 03:41:31.544"/>
</kw>
<status status="NOT RUN" starttime="20230303 03:41:31.543" endtime="20230303 03:41:31.544"/>
</branch>
<branch type="ELSE IF" condition="${checkbox} == 4">
<kw name="Select Checkbox" library="SeleniumLibrary">
<arg>${locator_chkSQL}</arg>
<doc>Selects the checkbox identified by ``locator``.</doc>
<status status="NOT RUN" starttime="20230303 03:41:31.545" endtime="20230303 03:41:31.545"/>
</kw>
<kw name="Select Checkbox" library="SeleniumLibrary">
<arg>${locator_chk_testManual}</arg>
<doc>Selects the checkbox identified by ``locator``.</doc>
<status status="NOT RUN" starttime="20230303 03:41:31.545" endtime="20230303 03:41:31.545"/>
</kw>
<kw name="Select Checkbox" library="SeleniumLibrary">
<arg>${locator_chk_testAutomate}</arg>
<doc>Selects the checkbox identified by ``locator``.</doc>
<status status="NOT RUN" starttime="20230303 03:41:31.545" endtime="20230303 03:41:31.545"/>
</kw>
<kw name="Select Checkbox" library="SeleniumLibrary">
<arg>${locator_chk_testAutomate2}</arg>
<doc>Selects the checkbox identified by ``locator``.</doc>
<status status="NOT RUN" starttime="20230303 03:41:31.545" endtime="20230303 03:41:31.545"/>
</kw>
<status status="NOT RUN" starttime="20230303 03:41:31.544" endtime="20230303 03:41:31.546"/>
</branch>
<status status="PASS" starttime="20230303 03:41:29.480" endtime="20230303 03:41:31.546"/>
</if>
<if>
<branch type="IF" condition="${nationality}==1">
<kw name="Select list Nationality" library="Keyword">
<kw name="Click Element" library="SeleniumLibrary">
<arg>${locator_drop_down_nationality}</arg>
<doc>Click the element identified by ``locator``.</doc>
<msg timestamp="20230303 03:41:31.548" level="INFO">Clicking element 'id=nationality'.</msg>
<status status="PASS" starttime="20230303 03:41:31.547" endtime="20230303 03:41:32.765"/>
</kw>
<kw name="Wait Until Element Is Visible" library="SeleniumLibrary">
<arg>${locator_drop_down_thai}</arg>
<arg>2s</arg>
<doc>Waits until the element ``locator`` is visible.</doc>
<status status="PASS" starttime="20230303 03:41:32.765" endtime="20230303 03:41:33.807"/>
</kw>
<kw name="Click Element" library="SeleniumLibrary">
<arg>${locator_drop_down_thai}</arg>
<doc>Click the element identified by ``locator``.</doc>
<msg timestamp="20230303 03:41:33.809" level="INFO">Clicking element 'xpath=//*[@id="menu-"]/div[3]/ul/li[221]'.</msg>
<status status="PASS" starttime="20230303 03:41:33.807" endtime="20230303 03:41:34.984"/>
</kw>
<status status="PASS" starttime="20230303 03:41:31.546" endtime="20230303 03:41:34.984"/>
</kw>
<status status="PASS" starttime="20230303 03:41:31.546" endtime="20230303 03:41:34.984"/>
</branch>
<status status="PASS" starttime="20230303 03:41:31.546" endtime="20230303 03:41:34.984"/>
</if>
<if>
<branch type="IF" condition="${role}==1">
<kw name="Select List Role" library="Keyword">
<status status="NOT RUN" starttime="20230303 03:41:34.985" endtime="20230303 03:41:34.985"/>
</kw>
<status status="NOT RUN" starttime="20230303 03:41:34.985" endtime="20230303 03:41:34.985"/>
</branch>
<status status="PASS" starttime="20230303 03:41:34.984" endtime="20230303 03:41:34.985"/>
</if>
<if>
<branch type="IF" condition="${plan}==1">
<kw name=" Select list Plan" library="Keyword">
<kw name="Click Element" library="SeleniumLibrary">
<arg>${locator_drop_down_plan}</arg>
<doc>Click the element identified by ``locator``.</doc>
<msg timestamp="20230303 03:41:34.987" level="INFO">Clicking element 'id=select-plan'.</msg>
<status status="PASS" starttime="20230303 03:41:34.986" endtime="20230303 03:41:36.071"/>
</kw>
<kw name="Wait Until Element Is Visible" library="SeleniumLibrary">
<arg>${locator_drop_down_Basic}</arg>
<arg>2s</arg>
<doc>Waits until the element ``locator`` is visible.</doc>
<status status="PASS" starttime="20230303 03:41:36.071" endtime="20230303 03:41:37.108"/>
</kw>
<kw name="Click Element" library="SeleniumLibrary">
<arg>${locator_drop_down_Basic}</arg>
<doc>Click the element identified by ``locator``.</doc>
<msg timestamp="20230303 03:41:37.110" level="INFO">Clicking element 'xpath=//*[@id="menu-"]/div[3]/ul/li[1]'.</msg>
<status status="PASS" starttime="20230303 03:41:37.108" endtime="20230303 03:41:38.190"/>
</kw>
<status status="PASS" starttime="20230303 03:41:34.986" endtime="20230303 03:41:38.190"/>
</kw>
<status status="PASS" starttime="20230303 03:41:34.985" endtime="20230303 03:41:38.190"/>
</branch>
<status status="PASS" starttime="20230303 03:41:34.985" endtime="20230303 03:41:38.190"/>
</if>
<kw name="click sign-up" library="Keyword">
<kw name="Click Element" library="SeleniumLibrary">
<arg>${locator_btn-sign-up}</arg>
<doc>Click the element identified by ``locator``.</doc>
<msg timestamp="20230303 03:41:38.192" level="INFO">Clicking element 'id=btn-sign-up'.</msg>
<status status="PASS" starttime="20230303 03:41:38.191" endtime="20230303 03:41:39.278"/>
</kw>
<status status="PASS" starttime="20230303 03:41:38.190" endtime="20230303 03:41:39.278"/>
</kw>
<kw name="Verify error msg" library="Keyword">
<arg>${locator}</arg>
<arg>${errormsg}</arg>
<kw name="Get Text" library="SeleniumLibrary">
<var>${txt}</var>
<arg>${locator}</arg>
<doc>Returns the text value of the element identified by ``locator``.</doc>
<msg timestamp="20230303 03:41:40.305" level="INFO">${txt} = Admin</msg>
<status status="PASS" starttime="20230303 03:41:39.279" endtime="20230303 03:41:40.305"/>
</kw>
<kw name="Should Be Equal As Strings" library="BuiltIn">
<arg>${txt}</arg>
<arg>${errormsg}</arg>
<doc>Fails if objects are unequal after converting them to strings.</doc>
<msg timestamp="20230303 03:41:40.306" level="FAIL">Admin != This field is required</msg>
<status status="FAIL" starttime="20230303 03:41:40.305" endtime="20230303 03:41:40.306"/>
</kw>
<status status="FAIL" starttime="20230303 03:41:39.278" endtime="20230303 03:41:40.306"/>
</kw>
<status status="FAIL" starttime="20230303 03:41:20.157" endtime="20230303 03:41:40.306"/>
</kw>
<kw name="input data for register (positive)-Test Template" library="Keyword">
<arg>กนกนวล</arg>
<arg>อินขาน</arg>
<arg>Beam1234@gmail.com</arg>
<arg>1234567890</arg>
<arg>08222222222</arg>
<arg>female</arg>
<arg>1</arg>
<arg>1</arg>
<arg>1</arg>
<arg>0</arg>
<arg>${locator_drop_down_plan}</arg>
<arg>This field is required</arg>
<kw name="Input Text" library="SeleniumLibrary">
<arg>${locator_firstname}</arg>
<arg>${firstname}</arg>
<doc>Types the given ``text`` into the text field identified by ``locator``.</doc>
<msg timestamp="20230303 03:41:40.310" level="INFO">Typing text 'กนกนวล' into text field 'id=firstname'.</msg>
<status status="PASS" starttime="20230303 03:41:40.309" endtime="20230303 03:41:41.962"/>
</kw>
<kw name="Input Text" library="SeleniumLibrary">
<arg>${locator_lastname}</arg>
<arg>${lastname}</arg>
<doc>Types the given ``text`` into the text field identified by ``locator``.</doc>
<msg timestamp="20230303 03:41:41.963" level="INFO">Typing text 'อินขาน' into text field 'id=lastname'.</msg>
<status status="PASS" starttime="20230303 03:41:41.962" endtime="20230303 03:41:43.605"/>
</kw>
<kw name="Input Text" library="SeleniumLibrary">
<arg>${locator_email}</arg>
<arg>${email}</arg>
<doc>Types the given ``text`` into the text field identified by ``locator``.</doc>
<msg timestamp="20230303 03:41:43.606" level="INFO">Typing text 'Beam1234@gmail.com' into text field 'id=email'.</msg>
<status status="PASS" starttime="20230303 03:41:43.605" endtime="20230303 03:41:45.298"/>
</kw>
<kw name="Input Text" library="SeleniumLibrary">
<arg>${locator_password}</arg>
<arg>${password}</arg>
<doc>Types the given ``text`` into the text field identified by ``locator``.</doc>
<msg timestamp="20230303 03:41:45.299" level="INFO">Typing text '1234567890' into text field 'id=password'.</msg>
<status status="PASS" starttime="20230303 03:41:45.298" endtime="20230303 03:41:46.947"/>
</kw>
<kw name="Input Text" library="SeleniumLibrary">
<arg>${locator_m.phone}</arg>
<arg>${m.phone}</arg>
<doc>Types the given ``text`` into the text field identified by ``locator``.</doc>
<msg timestamp="20230303 03:41:46.948" level="INFO">Typing text '08222222222' into text field 'id=mobile-phone'.</msg>
<status status="PASS" starttime="20230303 03:41:46.947" endtime="20230303 03:41:48.618"/>
</kw>
<if>
<branch type="IF" condition="&quot;${gendor}&quot;!=0">
<kw name="Select Radio Button" library="SeleniumLibrary">
<arg>${locator_gendor}</arg>
<arg>${gendor}</arg>
<doc>Sets the radio button group ``group_name`` to ``value``.</doc>
<msg timestamp="20230303 03:41:48.619" level="INFO">Selecting 'female' from radio button 'validation-basic-radio'.</msg>
<status status="PASS" starttime="20230303 03:41:48.618" endtime="20230303 03:41:49.643"/>
</kw>
<status status="PASS" starttime="20230303 03:41:48.618" endtime="20230303 03:41:49.643"/>
</branch>
<status status="PASS" starttime="20230303 03:41:48.618" endtime="20230303 03:41:49.643"/>
</if>
<if>
<branch type="IF" condition="${checkbox} == 1">
<kw name="Select Checkbox" library="SeleniumLibrary">
<arg>${locator_chkSQL}</arg>
<doc>Selects the checkbox identified by ``locator``.</doc>
<msg timestamp="20230303 03:41:49.644" level="INFO">Selecting checkbox 'name=courses.SQL'.</msg>
<status status="PASS" starttime="20230303 03:41:49.643" endtime="20230303 03:41:51.715"/>
</kw>
<status status="PASS" starttime="20230303 03:41:49.643" endtime="20230303 03:41:51.715"/>
</branch>
<branch type="ELSE IF" condition="${checkbox} == 2">
<kw name="Select Checkbox" library="SeleniumLibrary">
<arg>${locator_chkSQL}</arg>
<doc>Selects the checkbox identified by ``locator``.</doc>
<status status="NOT RUN" starttime="20230303 03:41:51.715" endtime="20230303 03:41:51.715"/>
</kw>
<kw name="Select Checkbox" library="SeleniumLibrary">
<arg>${locator_chk_testManual}</arg>
<doc>Selects the checkbox identified by ``locator``.</doc>
<status status="NOT RUN" starttime="20230303 03:41:51.715" endtime="20230303 03:41:51.715"/>
</kw>
<status status="NOT RUN" starttime="20230303 03:41:51.715" endtime="20230303 03:41:51.715"/>
</branch>
<branch type="ELSE IF" condition="${checkbox} == 3">
<kw name="Select Checkbox" library="SeleniumLibrary">
<arg>${locator_chkSQL}</arg>
<doc>Selects the checkbox identified by ``locator``.</doc>
<status status="NOT RUN" starttime="20230303 03:41:51.716" endtime="20230303 03:41:51.716"/>
</kw>
<kw name="Select Checkbox" library="SeleniumLibrary">
<arg>${locator_chk_testManual}</arg>
<doc>Selects the checkbox identified by ``locator``.</doc>
<status status="NOT RUN" starttime="20230303 03:41:51.716" endtime="20230303 03:41:51.716"/>
</kw>
<kw name="Select Checkbox" library="SeleniumLibrary">
<arg>${locator_chk_testAutomate}</arg>
<doc>Selects the checkbox identified by ``locator``.</doc>
<status status="NOT RUN" starttime="20230303 03:41:51.716" endtime="20230303 03:41:51.716"/>
</kw>
<status status="NOT RUN" starttime="20230303 03:41:51.715" endtime="20230303 03:41:51.716"/>
</branch>
<branch type="ELSE IF" condition="${checkbox} == 4">
<kw name="Select Checkbox" library="SeleniumLibrary">
<arg>${locator_chkSQL}</arg>
<doc>Selects the checkbox identified by ``locator``.</doc>
<status status="NOT RUN" starttime="20230303 03:41:51.716" endtime="20230303 03:41:51.716"/>
</kw>
<kw name="Select Checkbox" library="SeleniumLibrary">
<arg>${locator_chk_testManual}</arg>
<doc>Selects the checkbox identified by ``locator``.</doc>
<status status="NOT RUN" starttime="20230303 03:41:51.716" endtime="20230303 03:41:51.716"/>
</kw>
<kw name="Select Checkbox" library="SeleniumLibrary">
<arg>${locator_chk_testAutomate}</arg>
<doc>Selects the checkbox identified by ``locator``.</doc>
<status status="NOT RUN" starttime="20230303 03:41:51.716" endtime="20230303 03:41:51.718"/>
</kw>
<kw name="Select Checkbox" library="SeleniumLibrary">
<arg>${locator_chk_testAutomate2}</arg>
<doc>Selects the checkbox identified by ``locator``.</doc>
<status status="NOT RUN" starttime="20230303 03:41:51.718" endtime="20230303 03:41:51.718"/>
</kw>
<status status="NOT RUN" starttime="20230303 03:41:51.716" endtime="20230303 03:41:51.718"/>
</branch>
<status status="PASS" starttime="20230303 03:41:49.643" endtime="20230303 03:41:51.718"/>
</if>
<if>
<branch type="IF" condition="${nationality}==1">
<kw name="Select list Nationality" library="Keyword">
<kw name="Click Element" library="SeleniumLibrary">
<arg>${locator_drop_down_nationality}</arg>
<doc>Click the element identified by ``locator``.</doc>
<msg timestamp="20230303 03:41:51.720" level="INFO">Clicking element 'id=nationality'.</msg>
<status status="PASS" starttime="20230303 03:41:51.719" endtime="20230303 03:41:52.970"/>
</kw>
<kw name="Wait Until Element Is Visible" library="SeleniumLibrary">
<arg>${locator_drop_down_thai}</arg>
<arg>2s</arg>
<doc>Waits until the element ``locator`` is visible.</doc>
<status status="PASS" starttime="20230303 03:41:52.970" endtime="20230303 03:41:54.019"/>
</kw>
<kw name="Click Element" library="SeleniumLibrary">
<arg>${locator_drop_down_thai}</arg>
<doc>Click the element identified by ``locator``.</doc>
<msg timestamp="20230303 03:41:54.020" level="INFO">Clicking element 'xpath=//*[@id="menu-"]/div[3]/ul/li[221]'.</msg>
<status status="PASS" starttime="20230303 03:41:54.019" endtime="20230303 03:41:55.172"/>
</kw>
<status status="PASS" starttime="20230303 03:41:51.719" endtime="20230303 03:41:55.172"/>
</kw>
<status status="PASS" starttime="20230303 03:41:51.718" endtime="20230303 03:41:55.172"/>
</branch>
<status status="PASS" starttime="20230303 03:41:51.718" endtime="20230303 03:41:55.172"/>
</if>
<if>
<branch type="IF" condition="${role}==1">
<kw name="Select List Role" library="Keyword">
<kw name="Click Element" library="SeleniumLibrary">
<arg>${locator_drop_down_Role}</arg>
<doc>Click the element identified by ``locator``.</doc>
<msg timestamp="20230303 03:41:55.173" level="INFO">Clicking element 'id=select-role'.</msg>
<status status="PASS" starttime="20230303 03:41:55.173" endtime="20230303 03:41:56.260"/>
</kw>
<kw name="Wait Until Element Is Visible" library="SeleniumLibrary">
<arg>${locator_drop_down_Admin}</arg>
<arg>2s</arg>
<doc>Waits until the element ``locator`` is visible.</doc>
<status status="PASS" starttime="20230303 03:41:56.260" endtime="20230303 03:41:57.295"/>
</kw>
<kw name="Click Element" library="SeleniumLibrary">
<arg>${locator_drop_down_Admin}</arg>
<doc>Click the element identified by ``locator``.</doc>
<msg timestamp="20230303 03:41:57.296" level="INFO">Clicking element 'xpath=//*[@id="menu-"]/div[3]/ul/li[1]'.</msg>
<status status="PASS" starttime="20230303 03:41:57.295" endtime="20230303 03:41:58.377"/>
</kw>
<status status="PASS" starttime="20230303 03:41:55.172" endtime="20230303 03:41:58.377"/>
</kw>
<status status="PASS" starttime="20230303 03:41:55.172" endtime="20230303 03:41:58.377"/>
</branch>
<status status="PASS" starttime="20230303 03:41:55.172" endtime="20230303 03:41:58.377"/>
</if>
<if>
<branch type="IF" condition="${plan}==1">
<kw name=" Select list Plan" library="Keyword">
<status status="NOT RUN" starttime="20230303 03:41:58.377" endtime="20230303 03:41:58.377"/>
</kw>
<status status="NOT RUN" starttime="20230303 03:41:58.377" endtime="20230303 03:41:58.377"/>
</branch>
<status status="PASS" starttime="20230303 03:41:58.377" endtime="20230303 03:41:58.377"/>
</if>
<kw name="click sign-up" library="Keyword">
<kw name="Click Element" library="SeleniumLibrary">
<arg>${locator_btn-sign-up}</arg>
<doc>Click the element identified by ``locator``.</doc>
<msg timestamp="20230303 03:41:58.378" level="INFO">Clicking element 'id=btn-sign-up'.</msg>
<status status="PASS" starttime="20230303 03:41:58.378" endtime="20230303 03:41:59.464"/>
</kw>
<status status="PASS" starttime="20230303 03:41:58.378" endtime="20230303 03:41:59.464"/>
</kw>
<kw name="Verify error msg" library="Keyword">
<arg>${locator}</arg>
<arg>${errormsg}</arg>
<kw name="Get Text" library="SeleniumLibrary">
<var>${txt}</var>
<arg>${locator}</arg>
<doc>Returns the text value of the element identified by ``locator``.</doc>
<msg timestamp="20230303 03:42:00.499" level="INFO">${txt} = Basic</msg>
<status status="PASS" starttime="20230303 03:41:59.465" endtime="20230303 03:42:00.499"/>
</kw>
<kw name="Should Be Equal As Strings" library="BuiltIn">
<arg>${txt}</arg>
<arg>${errormsg}</arg>
<doc>Fails if objects are unequal after converting them to strings.</doc>
<msg timestamp="20230303 03:42:00.500" level="FAIL">Basic != This field is required</msg>
<status status="FAIL" starttime="20230303 03:42:00.499" endtime="20230303 03:42:00.500"/>
</kw>
<status status="FAIL" starttime="20230303 03:41:59.464" endtime="20230303 03:42:00.500"/>
</kw>
<status status="FAIL" starttime="20230303 03:41:40.307" endtime="20230303 03:42:00.500"/>
</kw>
<kw name="Close Browser" library="SeleniumLibrary" type="TEARDOWN">
<doc>Closes the current browser.</doc>
<status status="PASS" starttime="20230303 03:42:00.501" endtime="20230303 03:42:03.613"/>
</kw>
<doc>ใช้สำหรับทดสอบในกรณีกรอกข้อมูลไม่ครบถ้วน</doc>
<tag>test fail</tag>
<status status="FAIL" starttime="20230303 03:38:24.687" endtime="20230303 03:42:03.613">Several failures occurred:

1) Element with locator 'id=error-lastname' not found.

2) Invalid email address != This field is required

3) Element with locator 'id=error-password' not found.

4) Element with locator 'id=error-mobile-phone' not found.

5) No radio button with name 'validation-basic-radio' and value '0' found.

6) Element with locator 'id=validation-basic-courses' not found.

7) Element with locator 'xpath=//*[@id="validation-basic-nationality"]' not found.

8) Admin != This field is required

9) Basic != This field is required</status>
</test>
<kw name="Close All Browsers" library="SeleniumLibrary" type="TEARDOWN">
<doc>Closes all open browsers and resets the browser cache.</doc>
<status status="PASS" starttime="20230303 03:42:03.620" endtime="20230303 03:42:03.623"/>
</kw>
<status status="FAIL" starttime="20230303 03:37:00.475" endtime="20230303 03:42:03.623"/>
</suite>
<statistics>
<total>
<stat pass="2" fail="1" skip="0">All Tests</stat>
</total>
<tag>
<stat pass="0" fail="1" skip="0">test fail</stat>
<stat pass="1" fail="0" skip="0">test pass</stat>
<stat pass="1" fail="0" skip="0">test reset</stat>
</tag>
<suite>
<stat pass="2" fail="1" skip="0" id="s1" name="Registerpage">Registerpage</stat>
</suite>
</statistics>
<errors>
</errors>
</robot>
